[0.045s] Invoking command in '/home/ben/mp3_ros2_ws/src/AprilTag-ROS-2/build/image_proc': AMENT_PREFIX_PATH=/home/ben/mp3_ros2_ws/src/AprilTag-ROS-2/install/tracetools_image_pipeline:${AMENT_PREFIX_PATH} CMAKE_PREFIX_PATH=/home/ben/mp3_ros2_ws/src/AprilTag-ROS-2/install/tracetools_image_pipeline:/opt/ros/humble LD_LIBRARY_PATH=/home/ben/mp3_ros2_ws/src/AprilTag-ROS-2/install/tracetools_image_pipeline/lib:${LD_LIBRARY_PATH} /usr/bin/cmake /home/ben/mp3_ros2_ws/src/AprilTag-ROS-2/image_pipeline/image_proc -DCMAKE_INSTALL_PREFIX=/home/ben/mp3_ros2_ws/src/AprilTag-ROS-2/install/image_proc
[0.195s] -- The C compiler identification is GNU 11.4.0
[0.312s] -- The CXX compiler identification is GNU 11.4.0
[0.338s] -- Detecting C compiler ABI info
[0.472s] -- Detecting C compiler ABI info - done
[0.489s] -- Check for working C compiler: /usr/bin/cc - skipped
[0.489s] -- Detecting C compile features
[0.489s] -- Detecting C compile features - done
[0.491s] -- Detecting CXX compiler ABI info
[0.710s] -- Detecting CXX compiler ABI info - done
[0.746s] -- Check for working CXX compiler: /usr/bin/c++ - skipped
[0.746s] -- Detecting CXX compile features
[0.746s] -- Detecting CXX compile features - done
[0.746s] -- Found ament_cmake_auto: 1.3.5 (/opt/ros/humble/share/ament_cmake_auto/cmake)
[1.242s] -- Found Python3: /usr/bin/python3.10 (found version "3.10.12") found components: Interpreter 
[1.666s] -- Found rosidl_generator_c: 3.1.5 (/opt/ros/humble/share/rosidl_generator_c/cmake)
[1.673s] -- Found rosidl_adapter: 3.1.5 (/opt/ros/humble/share/rosidl_adapter/cmake)
[1.698s] -- Found rosidl_generator_cpp: 3.1.5 (/opt/ros/humble/share/rosidl_generator_cpp/cmake)
[1.718s] -- Using all available rosidl_typesupport_c: rosidl_typesupport_fastrtps_c;rosidl_typesupport_introspection_c
[1.748s] -- Using all available rosidl_typesupport_cpp: rosidl_typesupport_fastrtps_cpp;rosidl_typesupport_introspection_cpp
[2.754s] -- Found rmw_implementation_cmake: 6.1.1 (/opt/ros/humble/share/rmw_implementation_cmake/cmake)
[2.765s] -- Found rmw_fastrtps_cpp: 6.2.3 (/opt/ros/humble/share/rmw_fastrtps_cpp/cmake)
[3.605s] -- Found OpenSSL: /usr/lib/x86_64-linux-gnu/libcrypto.so (found version "3.0.2")  
[3.762s] -- Found FastRTPS: /opt/ros/humble/include  
[4.060s] -- Using RMW implementation 'rmw_fastrtps_cpp' as default
[4.100s] -- Looking for pthread.h
[4.794s] -- Looking for pthread.h - found
[4.795s] -- Performing Test CMAKE_HAVE_LIBC_PTHREAD
[5.587s] -- Performing Test CMAKE_HAVE_LIBC_PTHREAD - Success
[5.588s] -- Found Threads: TRUE  
[7.411s] -- Found OpenCV: /usr (found version "4.5.4") 
[7.443s] -- Found ament_lint_auto: 0.12.7 (/opt/ros/humble/share/ament_lint_auto/cmake)
[7.500s] -- Added test 'copyright' to check source files copyright and LICENSE
[7.504s] -- Added test 'cppcheck' to perform static code analysis on C / C++ code
[7.506s] -- Configured cppcheck include dirs: /home/ben/mp3_ros2_ws/src/AprilTag-ROS-2/image_pipeline/image_proc/include
[7.506s] -- Configured cppcheck exclude dirs and/or files: 
[7.509s] -- Added test 'cpplint' to check C / C++ code against the Google style
[7.511s] -- Configured cpplint exclude dirs and/or files: 
[7.513s] -- Added test 'flake8' to check Python code syntax and style conventions
[7.515s] -- Added test 'lint_cmake' to check CMake code style
[7.516s] -- Added test 'pep257' to check Python code against some of the docstring style conventions in PEP 257
[7.520s] -- Added test 'uncrustify' to check C / C++ code style
[7.520s] -- Configured uncrustify additional arguments: 
[7.524s] -- Added test 'xmllint' to check XML markup files
[7.542s] -- Configuring done
[7.953s] -- Generating done
[7.973s] -- Build files have been written to: /home/ben/mp3_ros2_ws/src/AprilTag-ROS-2/build/image_proc
[8.180s] Invoked command in '/home/ben/mp3_ros2_ws/src/AprilTag-ROS-2/build/image_proc' returned '0': AMENT_PREFIX_PATH=/home/ben/mp3_ros2_ws/src/AprilTag-ROS-2/install/tracetools_image_pipeline:${AMENT_PREFIX_PATH} CMAKE_PREFIX_PATH=/home/ben/mp3_ros2_ws/src/AprilTag-ROS-2/install/tracetools_image_pipeline:/opt/ros/humble LD_LIBRARY_PATH=/home/ben/mp3_ros2_ws/src/AprilTag-ROS-2/install/tracetools_image_pipeline/lib:${LD_LIBRARY_PATH} /usr/bin/cmake /home/ben/mp3_ros2_ws/src/AprilTag-ROS-2/image_pipeline/image_proc -DCMAKE_INSTALL_PREFIX=/home/ben/mp3_ros2_ws/src/AprilTag-ROS-2/install/image_proc
[8.181s] Invoking command in '/home/ben/mp3_ros2_ws/src/AprilTag-ROS-2/build/image_proc': AMENT_PREFIX_PATH=/home/ben/mp3_ros2_ws/src/AprilTag-ROS-2/install/tracetools_image_pipeline:${AMENT_PREFIX_PATH} CMAKE_PREFIX_PATH=/home/ben/mp3_ros2_ws/src/AprilTag-ROS-2/install/tracetools_image_pipeline:/opt/ros/humble LD_LIBRARY_PATH=/home/ben/mp3_ros2_ws/src/AprilTag-ROS-2/install/tracetools_image_pipeline/lib:${LD_LIBRARY_PATH} /usr/bin/cmake --build /home/ben/mp3_ros2_ws/src/AprilTag-ROS-2/build/image_proc -- -j12 -l12
[8.497s] [  6%] [32mBuilding CXX object CMakeFiles/image_proc.dir/src/image_proc/processor.cpp.o[0m
[9.240s] gmake[2]: *** [CMakeFiles/image_proc.dir/build.make:76: CMakeFiles/image_proc.dir/src/image_proc/processor.cpp.o] Interrupt
[9.249s] gmake[1]: *** [CMakeFiles/Makefile2:149: CMakeFiles/image_proc.dir/all] Interrupt
[9.250s] gmake: *** [Makefile:146: all] Interrupt
