[35m[1mConsolidate compiler generated dependencies of target apriltag_msgs__rosidl_generator_c[0m
[  2%] Built target apriltag_msgs__cpp
[ 12%] Built target apriltag_msgs__rosidl_generator_c
[ 12%] Built target ament_cmake_python_copy_apriltag_msgs
[35m[1mConsolidate compiler generated dependencies of target apriltag_msgs__rosidl_typesupport_fastrtps_cpp[0m
[35m[1mConsolidate compiler generated dependencies of target apriltag_msgs__rosidl_typesupport_cpp[0m
[35m[1mConsolidate compiler generated dependencies of target apriltag_msgs__rosidl_typesupport_introspection_cpp[0m
[35m[1mConsolidate compiler generated dependencies of target apriltag_msgs__rosidl_typesupport_c[0m
[35m[1mConsolidate compiler generated dependencies of target apriltag_msgs__rosidl_typesupport_introspection_c[0m
[35m[1mConsolidate compiler generated dependencies of target apriltag_msgs__rosidl_typesupport_fastrtps_c[0m
[ 25%] Built target apriltag_msgs__rosidl_typesupport_cpp
[ 34%] Built target apriltag_msgs__rosidl_typesupport_c
[ 40%] [32mBuilding CXX object CMakeFiles/apriltag_msgs__rosidl_typesupport_introspection_cpp.dir/rosidl_typesupport_introspection_cpp/apriltag_msgs/msg/detail/april_tag_detection_array__type_support.cpp.o[0m
[ 46%] Built target apriltag_msgs__rosidl_typesupport_fastrtps_cpp
[ 57%] Built target apriltag_msgs__rosidl_typesupport_fastrtps_c
[ 68%] Built target apriltag_msgs__rosidl_typesupport_introspection_c
running egg_info
writing apriltag_msgs.egg-info/PKG-INFO
writing dependency_links to apriltag_msgs.egg-info/dependency_links.txt
writing top-level names to apriltag_msgs.egg-info/top_level.txt
reading manifest file 'apriltag_msgs.egg-info/SOURCES.txt'
writing manifest file 'apriltag_msgs.egg-info/SOURCES.txt'
[ 68%] Built target ament_cmake_python_build_apriltag_msgs_egg
[ 70%] [32m[1mLinking CXX shared library libapriltag_msgs__rosidl_typesupport_introspection_cpp.so[0m
[ 76%] Built target apriltag_msgs__rosidl_typesupport_introspection_cpp
[ 76%] Built target apriltag_msgs
[ 78%] [34m[1mGenerating Python code for ROS interfaces[0m
[ 78%] Built target apriltag_msgs__py
[ 82%] [32mBuilding C object CMakeFiles/apriltag_msgs__rosidl_generator_py.dir/rosidl_generator_py/apriltag_msgs/msg/_point_s.c.o[0m
[ 82%] [32mBuilding C object CMakeFiles/apriltag_msgs__rosidl_generator_py.dir/rosidl_generator_py/apriltag_msgs/msg/_april_tag_detection_array_s.c.o[0m
[ 85%] [32mBuilding C object CMakeFiles/apriltag_msgs__rosidl_generator_py.dir/rosidl_generator_py/apriltag_msgs/msg/_april_tag_detection_s.c.o[0m
[ 87%] [32m[1mLinking C shared library rosidl_generator_py/apriltag_msgs/libapriltag_msgs__rosidl_generator_py.so[0m
[ 87%] Built target apriltag_msgs__rosidl_generator_py
[ 89%] [32mBuilding C object CMakeFiles/apriltag_msgs__rosidl_typesupport_fastrtps_c__pyext.dir/rosidl_generator_py/apriltag_msgs/_apriltag_msgs_s.ep.rosidl_typesupport_fastrtps_c.c.o[0m
[ 91%] [32mBuilding C object CMakeFiles/apriltag_msgs__rosidl_typesupport_c__pyext.dir/rosidl_generator_py/apriltag_msgs/_apriltag_msgs_s.ep.rosidl_typesupport_c.c.o[0m
[ 93%] [32mBuilding C object CMakeFiles/apriltag_msgs__rosidl_typesupport_introspection_c__pyext.dir/rosidl_generator_py/apriltag_msgs/_apriltag_msgs_s.ep.rosidl_typesupport_introspection_c.c.o[0m
[ 95%] [32m[1mLinking C shared library rosidl_generator_py/apriltag_msgs/apriltag_msgs_s__rosidl_typesupport_fastrtps_c.cpython-310-x86_64-linux-gnu.so[0m
[ 97%] [32m[1mLinking C shared library rosidl_generator_py/apriltag_msgs/apriltag_msgs_s__rosidl_typesupport_introspection_c.cpython-310-x86_64-linux-gnu.so[0m
[ 97%] Built target apriltag_msgs__rosidl_typesupport_fastrtps_c__pyext
[ 97%] Built target apriltag_msgs__rosidl_typesupport_introspection_c__pyext
[100%] [32m[1mLinking C shared library rosidl_generator_py/apriltag_msgs/apriltag_msgs_s__rosidl_typesupport_c.cpython-310-x86_64-linux-gnu.so[0m
[100%] Built target apriltag_msgs__rosidl_typesupport_c__pyext
-- Install configuration: ""
-- Installing: /home/ben/mp3_ros2_ws/src/AprilTag-ROS-2/install/apriltag_msgs/share/ament_index/resource_index/rosidl_interfaces/apriltag_msgs
-- Installing: /home/ben/mp3_ros2_ws/src/AprilTag-ROS-2/install/apriltag_msgs/include/apriltag_msgs/apriltag_msgs
-- Installing: /home/ben/mp3_ros2_ws/src/AprilTag-ROS-2/install/apriltag_msgs/include/apriltag_msgs/apriltag_msgs/msg
-- Installing: /home/ben/mp3_ros2_ws/src/AprilTag-ROS-2/install/apriltag_msgs/include/apriltag_msgs/apriltag_msgs/msg/detail
-- Installing: /home/ben/mp3_ros2_ws/src/AprilTag-ROS-2/install/apriltag_msgs/include/apriltag_msgs/apriltag_msgs/msg/detail/april_tag_detection_array__functions.h
-- Installing: /home/ben/mp3_ros2_ws/src/AprilTag-ROS-2/install/apriltag_msgs/include/apriltag_msgs/apriltag_msgs/msg/detail/april_tag_detection_array__type_support.h
-- Installing: /home/ben/mp3_ros2_ws/src/AprilTag-ROS-2/install/apriltag_msgs/include/apriltag_msgs/apriltag_msgs/msg/detail/point__functions.h
-- Installing: /home/ben/mp3_ros2_ws/src/AprilTag-ROS-2/install/apriltag_msgs/include/apriltag_msgs/apriltag_msgs/msg/detail/point__struct.h
-- Installing: /home/ben/mp3_ros2_ws/src/AprilTag-ROS-2/install/apriltag_msgs/include/apriltag_msgs/apriltag_msgs/msg/detail/april_tag_detection__functions.c
-- Installing: /home/ben/mp3_ros2_ws/src/AprilTag-ROS-2/install/apriltag_msgs/include/apriltag_msgs/apriltag_msgs/msg/detail/point__functions.c
-- Installing: /home/ben/mp3_ros2_ws/src/AprilTag-ROS-2/install/apriltag_msgs/include/apriltag_msgs/apriltag_msgs/msg/detail/april_tag_detection_array__struct.h
-- Installing: /home/ben/mp3_ros2_ws/src/AprilTag-ROS-2/install/apriltag_msgs/include/apriltag_msgs/apriltag_msgs/msg/detail/point__type_support.h
-- Installing: /home/ben/mp3_ros2_ws/src/AprilTag-ROS-2/install/apriltag_msgs/include/apriltag_msgs/apriltag_msgs/msg/detail/april_tag_detection__struct.h
-- Installing: /home/ben/mp3_ros2_ws/src/AprilTag-ROS-2/install/apriltag_msgs/include/apriltag_msgs/apriltag_msgs/msg/detail/april_tag_detection__type_support.h
-- Installing: /home/ben/mp3_ros2_ws/src/AprilTag-ROS-2/install/apriltag_msgs/include/apriltag_msgs/apriltag_msgs/msg/detail/april_tag_detection__functions.h
-- Installing: /home/ben/mp3_ros2_ws/src/AprilTag-ROS-2/install/apriltag_msgs/include/apriltag_msgs/apriltag_msgs/msg/detail/april_tag_detection_array__functions.c
-- Installing: /home/ben/mp3_ros2_ws/src/AprilTag-ROS-2/install/apriltag_msgs/include/apriltag_msgs/apriltag_msgs/msg/point.h
-- Installing: /home/ben/mp3_ros2_ws/src/AprilTag-ROS-2/install/apriltag_msgs/include/apriltag_msgs/apriltag_msgs/msg/rosidl_generator_c__visibility_control.h
-- Installing: /home/ben/mp3_ros2_ws/src/AprilTag-ROS-2/install/apriltag_msgs/include/apriltag_msgs/apriltag_msgs/msg/april_tag_detection.h
-- Installing: /home/ben/mp3_ros2_ws/src/AprilTag-ROS-2/install/apriltag_msgs/include/apriltag_msgs/apriltag_msgs/msg/april_tag_detection_array.h
-- Installing: /home/ben/mp3_ros2_ws/src/AprilTag-ROS-2/install/apriltag_msgs/share/apriltag_msgs/environment/library_path.sh
-- Installing: /home/ben/mp3_ros2_ws/src/AprilTag-ROS-2/install/apriltag_msgs/share/apriltag_msgs/environment/library_path.dsv
-- Installing: /home/ben/mp3_ros2_ws/src/AprilTag-ROS-2/install/apriltag_msgs/lib/libapriltag_msgs__rosidl_generator_c.so
-- Set runtime path of "/home/ben/mp3_ros2_ws/src/AprilTag-ROS-2/install/apriltag_msgs/lib/libapriltag_msgs__rosidl_generator_c.so" to ""
-- Up-to-date: /home/ben/mp3_ros2_ws/src/AprilTag-ROS-2/install/apriltag_msgs/include/apriltag_msgs/apriltag_msgs
-- Up-to-date: /home/ben/mp3_ros2_ws/src/AprilTag-ROS-2/install/apriltag_msgs/include/apriltag_msgs/apriltag_msgs/msg
-- Up-to-date: /home/ben/mp3_ros2_ws/src/AprilTag-ROS-2/install/apriltag_msgs/include/apriltag_msgs/apriltag_msgs/msg/detail
-- Installing: /home/ben/mp3_ros2_ws/src/AprilTag-ROS-2/install/apriltag_msgs/include/apriltag_msgs/apriltag_msgs/msg/detail/april_tag_detection__rosidl_typesupport_fastrtps_c.h
-- Installing: /home/ben/mp3_ros2_ws/src/AprilTag-ROS-2/install/apriltag_msgs/include/apriltag_msgs/apriltag_msgs/msg/detail/point__rosidl_typesupport_fastrtps_c.h
-- Installing: /home/ben/mp3_ros2_ws/src/AprilTag-ROS-2/install/apriltag_msgs/include/apriltag_msgs/apriltag_msgs/msg/detail/april_tag_detection_array__rosidl_typesupport_fastrtps_c.h
-- Installing: /home/ben/mp3_ros2_ws/src/AprilTag-ROS-2/install/apriltag_msgs/include/apriltag_msgs/apriltag_msgs/msg/rosidl_typesupport_fastrtps_c__visibility_control.h
-- Installing: /home/ben/mp3_ros2_ws/src/AprilTag-ROS-2/install/apriltag_msgs/lib/libapriltag_msgs__rosidl_typesupport_fastrtps_c.so
-- Set runtime path of "/home/ben/mp3_ros2_ws/src/AprilTag-ROS-2/install/apriltag_msgs/lib/libapriltag_msgs__rosidl_typesupport_fastrtps_c.so" to ""
-- Up-to-date: /home/ben/mp3_ros2_ws/src/AprilTag-ROS-2/install/apriltag_msgs/include/apriltag_msgs/apriltag_msgs
-- Up-to-date: /home/ben/mp3_ros2_ws/src/AprilTag-ROS-2/install/apriltag_msgs/include/apriltag_msgs/apriltag_msgs/msg
-- Up-to-date: /home/ben/mp3_ros2_ws/src/AprilTag-ROS-2/install/apriltag_msgs/include/apriltag_msgs/apriltag_msgs/msg/detail
-- Installing: /home/ben/mp3_ros2_ws/src/AprilTag-ROS-2/install/apriltag_msgs/include/apriltag_msgs/apriltag_msgs/msg/detail/april_tag_detection__rosidl_typesupport_introspection_c.h
-- Installing: /home/ben/mp3_ros2_ws/src/AprilTag-ROS-2/install/apriltag_msgs/include/apriltag_msgs/apriltag_msgs/msg/detail/point__type_support.c
-- Installing: /home/ben/mp3_ros2_ws/src/AprilTag-ROS-2/install/apriltag_msgs/include/apriltag_msgs/apriltag_msgs/msg/detail/april_tag_detection__type_support.c
-- Installing: /home/ben/mp3_ros2_ws/src/AprilTag-ROS-2/install/apriltag_msgs/include/apriltag_msgs/apriltag_msgs/msg/detail/april_tag_detection_array__rosidl_typesupport_introspection_c.h
-- Installing: /home/ben/mp3_ros2_ws/src/AprilTag-ROS-2/install/apriltag_msgs/include/apriltag_msgs/apriltag_msgs/msg/detail/point__rosidl_typesupport_introspection_c.h
-- Installing: /home/ben/mp3_ros2_ws/src/AprilTag-ROS-2/install/apriltag_msgs/include/apriltag_msgs/apriltag_msgs/msg/detail/april_tag_detection_array__type_support.c
-- Installing: /home/ben/mp3_ros2_ws/src/AprilTag-ROS-2/install/apriltag_msgs/include/apriltag_msgs/apriltag_msgs/msg/rosidl_typesupport_introspection_c__visibility_control.h
-- Installing: /home/ben/mp3_ros2_ws/src/AprilTag-ROS-2/install/apriltag_msgs/lib/libapriltag_msgs__rosidl_typesupport_introspection_c.so
-- Set runtime path of "/home/ben/mp3_ros2_ws/src/AprilTag-ROS-2/install/apriltag_msgs/lib/libapriltag_msgs__rosidl_typesupport_introspection_c.so" to ""
-- Installing: /home/ben/mp3_ros2_ws/src/AprilTag-ROS-2/install/apriltag_msgs/lib/libapriltag_msgs__rosidl_typesupport_c.so
-- Set runtime path of "/home/ben/mp3_ros2_ws/src/AprilTag-ROS-2/install/apriltag_msgs/lib/libapriltag_msgs__rosidl_typesupport_c.so" to ""
-- Up-to-date: /home/ben/mp3_ros2_ws/src/AprilTag-ROS-2/install/apriltag_msgs/include/apriltag_msgs/apriltag_msgs
-- Up-to-date: /home/ben/mp3_ros2_ws/src/AprilTag-ROS-2/install/apriltag_msgs/include/apriltag_msgs/apriltag_msgs/msg
-- Up-to-date: /home/ben/mp3_ros2_ws/src/AprilTag-ROS-2/install/apriltag_msgs/include/apriltag_msgs/apriltag_msgs/msg/detail
-- Installing: /home/ben/mp3_ros2_ws/src/AprilTag-ROS-2/install/apriltag_msgs/include/apriltag_msgs/apriltag_msgs/msg/detail/point__builder.hpp
-- Installing: /home/ben/mp3_ros2_ws/src/AprilTag-ROS-2/install/apriltag_msgs/include/apriltag_msgs/apriltag_msgs/msg/detail/april_tag_detection_array__builder.hpp
-- Installing: /home/ben/mp3_ros2_ws/src/AprilTag-ROS-2/install/apriltag_msgs/include/apriltag_msgs/apriltag_msgs/msg/detail/point__struct.hpp
-- Installing: /home/ben/mp3_ros2_ws/src/AprilTag-ROS-2/install/apriltag_msgs/include/apriltag_msgs/apriltag_msgs/msg/detail/april_tag_detection__struct.hpp
-- Installing: /home/ben/mp3_ros2_ws/src/AprilTag-ROS-2/install/apriltag_msgs/include/apriltag_msgs/apriltag_msgs/msg/detail/april_tag_detection_array__struct.hpp
-- Installing: /home/ben/mp3_ros2_ws/src/AprilTag-ROS-2/install/apriltag_msgs/include/apriltag_msgs/apriltag_msgs/msg/detail/point__traits.hpp
-- Installing: /home/ben/mp3_ros2_ws/src/AprilTag-ROS-2/install/apriltag_msgs/include/apriltag_msgs/apriltag_msgs/msg/detail/april_tag_detection_array__traits.hpp
-- Installing: /home/ben/mp3_ros2_ws/src/AprilTag-ROS-2/install/apriltag_msgs/include/apriltag_msgs/apriltag_msgs/msg/detail/april_tag_detection__builder.hpp
-- Installing: /home/ben/mp3_ros2_ws/src/AprilTag-ROS-2/install/apriltag_msgs/include/apriltag_msgs/apriltag_msgs/msg/detail/april_tag_detection__traits.hpp
-- Installing: /home/ben/mp3_ros2_ws/src/AprilTag-ROS-2/install/apriltag_msgs/include/apriltag_msgs/apriltag_msgs/msg/april_tag_detection.hpp
-- Installing: /home/ben/mp3_ros2_ws/src/AprilTag-ROS-2/install/apriltag_msgs/include/apriltag_msgs/apriltag_msgs/msg/april_tag_detection_array.hpp
-- Installing: /home/ben/mp3_ros2_ws/src/AprilTag-ROS-2/install/apriltag_msgs/include/apriltag_msgs/apriltag_msgs/msg/point.hpp
-- Up-to-date: /home/ben/mp3_ros2_ws/src/AprilTag-ROS-2/install/apriltag_msgs/include/apriltag_msgs/apriltag_msgs
-- Up-to-date: /home/ben/mp3_ros2_ws/src/AprilTag-ROS-2/install/apriltag_msgs/include/apriltag_msgs/apriltag_msgs/msg
-- Up-to-date: /home/ben/mp3_ros2_ws/src/AprilTag-ROS-2/install/apriltag_msgs/include/apriltag_msgs/apriltag_msgs/msg/detail
-- Installing: /home/ben/mp3_ros2_ws/src/AprilTag-ROS-2/install/apriltag_msgs/include/apriltag_msgs/apriltag_msgs/msg/detail/april_tag_detection_array__rosidl_typesupport_fastrtps_cpp.hpp
-- Installing: /home/ben/mp3_ros2_ws/src/AprilTag-ROS-2/install/apriltag_msgs/include/apriltag_msgs/apriltag_msgs/msg/detail/dds_fastrtps
-- Installing: /home/ben/mp3_ros2_ws/src/AprilTag-ROS-2/install/apriltag_msgs/include/apriltag_msgs/apriltag_msgs/msg/detail/april_tag_detection__rosidl_typesupport_fastrtps_cpp.hpp
-- Installing: /home/ben/mp3_ros2_ws/src/AprilTag-ROS-2/install/apriltag_msgs/include/apriltag_msgs/apriltag_msgs/msg/detail/point__rosidl_typesupport_fastrtps_cpp.hpp
-- Installing: /home/ben/mp3_ros2_ws/src/AprilTag-ROS-2/install/apriltag_msgs/include/apriltag_msgs/apriltag_msgs/msg/rosidl_typesupport_fastrtps_cpp__visibility_control.h
-- Installing: /home/ben/mp3_ros2_ws/src/AprilTag-ROS-2/install/apriltag_msgs/lib/libapriltag_msgs__rosidl_typesupport_fastrtps_cpp.so
-- Set runtime path of "/home/ben/mp3_ros2_ws/src/AprilTag-ROS-2/install/apriltag_msgs/lib/libapriltag_msgs__rosidl_typesupport_fastrtps_cpp.so" to ""
-- Up-to-date: /home/ben/mp3_ros2_ws/src/AprilTag-ROS-2/install/apriltag_msgs/include/apriltag_msgs/apriltag_msgs
-- Up-to-date: /home/ben/mp3_ros2_ws/src/AprilTag-ROS-2/install/apriltag_msgs/include/apriltag_msgs/apriltag_msgs/msg
-- Up-to-date: /home/ben/mp3_ros2_ws/src/AprilTag-ROS-2/install/apriltag_msgs/include/apriltag_msgs/apriltag_msgs/msg/detail
-- Installing: /home/ben/mp3_ros2_ws/src/AprilTag-ROS-2/install/apriltag_msgs/include/apriltag_msgs/apriltag_msgs/msg/detail/april_tag_detection_array__rosidl_typesupport_introspection_cpp.hpp
-- Installing: /home/ben/mp3_ros2_ws/src/AprilTag-ROS-2/install/apriltag_msgs/include/apriltag_msgs/apriltag_msgs/msg/detail/point__rosidl_typesupport_introspection_cpp.hpp
-- Installing: /home/ben/mp3_ros2_ws/src/AprilTag-ROS-2/install/apriltag_msgs/include/apriltag_msgs/apriltag_msgs/msg/detail/april_tag_detection__type_support.cpp
-- Installing: /home/ben/mp3_ros2_ws/src/AprilTag-ROS-2/install/apriltag_msgs/include/apriltag_msgs/apriltag_msgs/msg/detail/april_tag_detection_array__type_support.cpp
-- Installing: /home/ben/mp3_ros2_ws/src/AprilTag-ROS-2/install/apriltag_msgs/include/apriltag_msgs/apriltag_msgs/msg/detail/point__type_support.cpp
-- Installing: /home/ben/mp3_ros2_ws/src/AprilTag-ROS-2/install/apriltag_msgs/include/apriltag_msgs/apriltag_msgs/msg/detail/april_tag_detection__rosidl_typesupport_introspection_cpp.hpp
-- Installing: /home/ben/mp3_ros2_ws/src/AprilTag-ROS-2/install/apriltag_msgs/lib/libapriltag_msgs__rosidl_typesupport_introspection_cpp.so
-- Set runtime path of "/home/ben/mp3_ros2_ws/src/AprilTag-ROS-2/install/apriltag_msgs/lib/libapriltag_msgs__rosidl_typesupport_introspection_cpp.so" to ""
-- Installing: /home/ben/mp3_ros2_ws/src/AprilTag-ROS-2/install/apriltag_msgs/lib/libapriltag_msgs__rosidl_typesupport_cpp.so
-- Set runtime path of "/home/ben/mp3_ros2_ws/src/AprilTag-ROS-2/install/apriltag_msgs/lib/libapriltag_msgs__rosidl_typesupport_cpp.so" to ""
-- Installing: /home/ben/mp3_ros2_ws/src/AprilTag-ROS-2/install/apriltag_msgs/share/apriltag_msgs/environment/pythonpath.sh
-- Installing: /home/ben/mp3_ros2_ws/src/AprilTag-ROS-2/install/apriltag_msgs/share/apriltag_msgs/environment/pythonpath.dsv
-- Installing: /home/ben/mp3_ros2_ws/src/AprilTag-ROS-2/install/apriltag_msgs/local/lib/python3.10/dist-packages/apriltag_msgs-0.1.0-py3.10.egg-info
-- Installing: /home/ben/mp3_ros2_ws/src/AprilTag-ROS-2/install/apriltag_msgs/local/lib/python3.10/dist-packages/apriltag_msgs-0.1.0-py3.10.egg-info/PKG-INFO
-- Installing: /home/ben/mp3_ros2_ws/src/AprilTag-ROS-2/install/apriltag_msgs/local/lib/python3.10/dist-packages/apriltag_msgs-0.1.0-py3.10.egg-info/SOURCES.txt
-- Installing: /home/ben/mp3_ros2_ws/src/AprilTag-ROS-2/install/apriltag_msgs/local/lib/python3.10/dist-packages/apriltag_msgs-0.1.0-py3.10.egg-info/dependency_links.txt
-- Installing: /home/ben/mp3_ros2_ws/src/AprilTag-ROS-2/install/apriltag_msgs/local/lib/python3.10/dist-packages/apriltag_msgs-0.1.0-py3.10.egg-info/top_level.txt
-- Installing: /home/ben/mp3_ros2_ws/src/AprilTag-ROS-2/install/apriltag_msgs/local/lib/python3.10/dist-packages/apriltag_msgs
-- Installing: /home/ben/mp3_ros2_ws/src/AprilTag-ROS-2/install/apriltag_msgs/local/lib/python3.10/dist-packages/apriltag_msgs/msg
-- Installing: /home/ben/mp3_ros2_ws/src/AprilTag-ROS-2/install/apriltag_msgs/local/lib/python3.10/dist-packages/apriltag_msgs/msg/_point_s.c
-- Installing: /home/ben/mp3_ros2_ws/src/AprilTag-ROS-2/install/apriltag_msgs/local/lib/python3.10/dist-packages/apriltag_msgs/msg/_april_tag_detection.py
-- Installing: /home/ben/mp3_ros2_ws/src/AprilTag-ROS-2/install/apriltag_msgs/local/lib/python3.10/dist-packages/apriltag_msgs/msg/_april_tag_detection_array.py
-- Installing: /home/ben/mp3_ros2_ws/src/AprilTag-ROS-2/install/apriltag_msgs/local/lib/python3.10/dist-packages/apriltag_msgs/msg/_april_tag_detection_s.c
-- Installing: /home/ben/mp3_ros2_ws/src/AprilTag-ROS-2/install/apriltag_msgs/local/lib/python3.10/dist-packages/apriltag_msgs/msg/_point.py
-- Installing: /home/ben/mp3_ros2_ws/src/AprilTag-ROS-2/install/apriltag_msgs/local/lib/python3.10/dist-packages/apriltag_msgs/msg/__init__.py
-- Installing: /home/ben/mp3_ros2_ws/src/AprilTag-ROS-2/install/apriltag_msgs/local/lib/python3.10/dist-packages/apriltag_msgs/msg/_april_tag_detection_array_s.c
-- Installing: /home/ben/mp3_ros2_ws/src/AprilTag-ROS-2/install/apriltag_msgs/local/lib/python3.10/dist-packages/apriltag_msgs/_apriltag_msgs_s.ep.rosidl_typesupport_c.c
-- Installing: /home/ben/mp3_ros2_ws/src/AprilTag-ROS-2/install/apriltag_msgs/local/lib/python3.10/dist-packages/apriltag_msgs/_apriltag_msgs_s.ep.rosidl_typesupport_fastrtps_c.c
-- Installing: /home/ben/mp3_ros2_ws/src/AprilTag-ROS-2/install/apriltag_msgs/local/lib/python3.10/dist-packages/apriltag_msgs/apriltag_msgs_s__rosidl_typesupport_fastrtps_c.cpython-310-x86_64-linux-gnu.so
-- Installing: /home/ben/mp3_ros2_ws/src/AprilTag-ROS-2/install/apriltag_msgs/local/lib/python3.10/dist-packages/apriltag_msgs/apriltag_msgs_s__rosidl_typesupport_introspection_c.cpython-310-x86_64-linux-gnu.so
-- Installing: /home/ben/mp3_ros2_ws/src/AprilTag-ROS-2/install/apriltag_msgs/local/lib/python3.10/dist-packages/apriltag_msgs/apriltag_msgs_s__rosidl_typesupport_c.cpython-310-x86_64-linux-gnu.so
-- Installing: /home/ben/mp3_ros2_ws/src/AprilTag-ROS-2/install/apriltag_msgs/local/lib/python3.10/dist-packages/apriltag_msgs/__init__.py
-- Installing: /home/ben/mp3_ros2_ws/src/AprilTag-ROS-2/install/apriltag_msgs/local/lib/python3.10/dist-packages/apriltag_msgs/libapriltag_msgs__rosidl_generator_py.so
-- Installing: /home/ben/mp3_ros2_ws/src/AprilTag-ROS-2/install/apriltag_msgs/local/lib/python3.10/dist-packages/apriltag_msgs/_apriltag_msgs_s.ep.rosidl_typesupport_introspection_c.c
Listing '/home/ben/mp3_ros2_ws/src/AprilTag-ROS-2/install/apriltag_msgs/local/lib/python3.10/dist-packages/apriltag_msgs'...
Compiling '/home/ben/mp3_ros2_ws/src/AprilTag-ROS-2/install/apriltag_msgs/local/lib/python3.10/dist-packages/apriltag_msgs/__init__.py'...
Listing '/home/ben/mp3_ros2_ws/src/AprilTag-ROS-2/install/apriltag_msgs/local/lib/python3.10/dist-packages/apriltag_msgs/msg'...
Compiling '/home/ben/mp3_ros2_ws/src/AprilTag-ROS-2/install/apriltag_msgs/local/lib/python3.10/dist-packages/apriltag_msgs/msg/__init__.py'...
Compiling '/home/ben/mp3_ros2_ws/src/AprilTag-ROS-2/install/apriltag_msgs/local/lib/python3.10/dist-packages/apriltag_msgs/msg/_april_tag_detection.py'...
Compiling '/home/ben/mp3_ros2_ws/src/AprilTag-ROS-2/install/apriltag_msgs/local/lib/python3.10/dist-packages/apriltag_msgs/msg/_april_tag_detection_array.py'...
Compiling '/home/ben/mp3_ros2_ws/src/AprilTag-ROS-2/install/apriltag_msgs/local/lib/python3.10/dist-packages/apriltag_msgs/msg/_point.py'...
-- Installing: /home/ben/mp3_ros2_ws/src/AprilTag-ROS-2/install/apriltag_msgs/local/lib/python3.10/dist-packages/apriltag_msgs/apriltag_msgs_s__rosidl_typesupport_fastrtps_c.cpython-310-x86_64-linux-gnu.so
-- Set runtime path of "/home/ben/mp3_ros2_ws/src/AprilTag-ROS-2/install/apriltag_msgs/local/lib/python3.10/dist-packages/apriltag_msgs/apriltag_msgs_s__rosidl_typesupport_fastrtps_c.cpython-310-x86_64-linux-gnu.so" to ""
-- Installing: /home/ben/mp3_ros2_ws/src/AprilTag-ROS-2/install/apriltag_msgs/local/lib/python3.10/dist-packages/apriltag_msgs/apriltag_msgs_s__rosidl_typesupport_introspection_c.cpython-310-x86_64-linux-gnu.so
-- Set runtime path of "/home/ben/mp3_ros2_ws/src/AprilTag-ROS-2/install/apriltag_msgs/local/lib/python3.10/dist-packages/apriltag_msgs/apriltag_msgs_s__rosidl_typesupport_introspection_c.cpython-310-x86_64-linux-gnu.so" to ""
-- Installing: /home/ben/mp3_ros2_ws/src/AprilTag-ROS-2/install/apriltag_msgs/local/lib/python3.10/dist-packages/apriltag_msgs/apriltag_msgs_s__rosidl_typesupport_c.cpython-310-x86_64-linux-gnu.so
-- Set runtime path of "/home/ben/mp3_ros2_ws/src/AprilTag-ROS-2/install/apriltag_msgs/local/lib/python3.10/dist-packages/apriltag_msgs/apriltag_msgs_s__rosidl_typesupport_c.cpython-310-x86_64-linux-gnu.so" to ""
-- Installing: /home/ben/mp3_ros2_ws/src/AprilTag-ROS-2/install/apriltag_msgs/lib/libapriltag_msgs__rosidl_generator_py.so
-- Set runtime path of "/home/ben/mp3_ros2_ws/src/AprilTag-ROS-2/install/apriltag_msgs/lib/libapriltag_msgs__rosidl_generator_py.so" to ""
-- Installing: /home/ben/mp3_ros2_ws/src/AprilTag-ROS-2/install/apriltag_msgs/share/apriltag_msgs/msg/Point.idl
-- Installing: /home/ben/mp3_ros2_ws/src/AprilTag-ROS-2/install/apriltag_msgs/share/apriltag_msgs/msg/AprilTagDetection.idl
-- Installing: /home/ben/mp3_ros2_ws/src/AprilTag-ROS-2/install/apriltag_msgs/share/apriltag_msgs/msg/AprilTagDetectionArray.idl
-- Installing: /home/ben/mp3_ros2_ws/src/AprilTag-ROS-2/install/apriltag_msgs/share/apriltag_msgs/msg/Point.msg
-- Installing: /home/ben/mp3_ros2_ws/src/AprilTag-ROS-2/install/apriltag_msgs/share/apriltag_msgs/msg/AprilTagDetection.msg
-- Installing: /home/ben/mp3_ros2_ws/src/AprilTag-ROS-2/install/apriltag_msgs/share/apriltag_msgs/msg/AprilTagDetectionArray.msg
-- Installing: /home/ben/mp3_ros2_ws/src/AprilTag-ROS-2/install/apriltag_msgs/share/ament_index/resource_index/package_run_dependencies/apriltag_msgs
-- Installing: /home/ben/mp3_ros2_ws/src/AprilTag-ROS-2/install/apriltag_msgs/share/ament_index/resource_index/parent_prefix_path/apriltag_msgs
-- Installing: /home/ben/mp3_ros2_ws/src/AprilTag-ROS-2/install/apriltag_msgs/share/apriltag_msgs/environment/ament_prefix_path.sh
-- Installing: /home/ben/mp3_ros2_ws/src/AprilTag-ROS-2/install/apriltag_msgs/share/apriltag_msgs/environment/ament_prefix_path.dsv
-- Installing: /home/ben/mp3_ros2_ws/src/AprilTag-ROS-2/install/apriltag_msgs/share/apriltag_msgs/environment/path.sh
-- Installing: /home/ben/mp3_ros2_ws/src/AprilTag-ROS-2/install/apriltag_msgs/share/apriltag_msgs/environment/path.dsv
-- Installing: /home/ben/mp3_ros2_ws/src/AprilTag-ROS-2/install/apriltag_msgs/share/apriltag_msgs/local_setup.bash
-- Installing: /home/ben/mp3_ros2_ws/src/AprilTag-ROS-2/install/apriltag_msgs/share/apriltag_msgs/local_setup.sh
-- Installing: /home/ben/mp3_ros2_ws/src/AprilTag-ROS-2/install/apriltag_msgs/share/apriltag_msgs/local_setup.zsh
-- Installing: /home/ben/mp3_ros2_ws/src/AprilTag-ROS-2/install/apriltag_msgs/share/apriltag_msgs/local_setup.dsv
-- Installing: /home/ben/mp3_ros2_ws/src/AprilTag-ROS-2/install/apriltag_msgs/share/apriltag_msgs/package.dsv
-- Installing: /home/ben/mp3_ros2_ws/src/AprilTag-ROS-2/install/apriltag_msgs/share/ament_index/resource_index/packages/apriltag_msgs
-- Installing: /home/ben/mp3_ros2_ws/src/AprilTag-ROS-2/install/apriltag_msgs/share/apriltag_msgs/cmake/export_apriltag_msgs__rosidl_generator_cExport.cmake
-- Installing: /home/ben/mp3_ros2_ws/src/AprilTag-ROS-2/install/apriltag_msgs/share/apriltag_msgs/cmake/export_apriltag_msgs__rosidl_generator_cExport-noconfig.cmake
-- Installing: /home/ben/mp3_ros2_ws/src/AprilTag-ROS-2/install/apriltag_msgs/share/apriltag_msgs/cmake/export_apriltag_msgs__rosidl_typesupport_fastrtps_cExport.cmake
-- Installing: /home/ben/mp3_ros2_ws/src/AprilTag-ROS-2/install/apriltag_msgs/share/apriltag_msgs/cmake/export_apriltag_msgs__rosidl_typesupport_fastrtps_cExport-noconfig.cmake
-- Installing: /home/ben/mp3_ros2_ws/src/AprilTag-ROS-2/install/apriltag_msgs/share/apriltag_msgs/cmake/apriltag_msgs__rosidl_typesupport_introspection_cExport.cmake
-- Installing: /home/ben/mp3_ros2_ws/src/AprilTag-ROS-2/install/apriltag_msgs/share/apriltag_msgs/cmake/apriltag_msgs__rosidl_typesupport_introspection_cExport-noconfig.cmake
-- Installing: /home/ben/mp3_ros2_ws/src/AprilTag-ROS-2/install/apriltag_msgs/share/apriltag_msgs/cmake/apriltag_msgs__rosidl_typesupport_cExport.cmake
-- Installing: /home/ben/mp3_ros2_ws/src/AprilTag-ROS-2/install/apriltag_msgs/share/apriltag_msgs/cmake/apriltag_msgs__rosidl_typesupport_cExport-noconfig.cmake
-- Installing: /home/ben/mp3_ros2_ws/src/AprilTag-ROS-2/install/apriltag_msgs/share/apriltag_msgs/cmake/export_apriltag_msgs__rosidl_generator_cppExport.cmake
-- Installing: /home/ben/mp3_ros2_ws/src/AprilTag-ROS-2/install/apriltag_msgs/share/apriltag_msgs/cmake/export_apriltag_msgs__rosidl_typesupport_fastrtps_cppExport.cmake
-- Installing: /home/ben/mp3_ros2_ws/src/AprilTag-ROS-2/install/apriltag_msgs/share/apriltag_msgs/cmake/export_apriltag_msgs__rosidl_typesupport_fastrtps_cppExport-noconfig.cmake
-- Installing: /home/ben/mp3_ros2_ws/src/AprilTag-ROS-2/install/apriltag_msgs/share/apriltag_msgs/cmake/apriltag_msgs__rosidl_typesupport_introspection_cppExport.cmake
-- Installing: /home/ben/mp3_ros2_ws/src/AprilTag-ROS-2/install/apriltag_msgs/share/apriltag_msgs/cmake/apriltag_msgs__rosidl_typesupport_introspection_cppExport-noconfig.cmake
-- Installing: /home/ben/mp3_ros2_ws/src/AprilTag-ROS-2/install/apriltag_msgs/share/apriltag_msgs/cmake/apriltag_msgs__rosidl_typesupport_cppExport.cmake
-- Installing: /home/ben/mp3_ros2_ws/src/AprilTag-ROS-2/install/apriltag_msgs/share/apriltag_msgs/cmake/apriltag_msgs__rosidl_typesupport_cppExport-noconfig.cmake
-- Installing: /home/ben/mp3_ros2_ws/src/AprilTag-ROS-2/install/apriltag_msgs/share/apriltag_msgs/cmake/export_apriltag_msgs__rosidl_generator_pyExport.cmake
-- Installing: /home/ben/mp3_ros2_ws/src/AprilTag-ROS-2/install/apriltag_msgs/share/apriltag_msgs/cmake/export_apriltag_msgs__rosidl_generator_pyExport-noconfig.cmake
-- Installing: /home/ben/mp3_ros2_ws/src/AprilTag-ROS-2/install/apriltag_msgs/share/apriltag_msgs/cmake/rosidl_cmake-extras.cmake
-- Installing: /home/ben/mp3_ros2_ws/src/AprilTag-ROS-2/install/apriltag_msgs/share/apriltag_msgs/cmake/ament_cmake_export_dependencies-extras.cmake
-- Installing: /home/ben/mp3_ros2_ws/src/AprilTag-ROS-2/install/apriltag_msgs/share/apriltag_msgs/cmake/ament_cmake_export_include_directories-extras.cmake
-- Installing: /home/ben/mp3_ros2_ws/src/AprilTag-ROS-2/install/apriltag_msgs/share/apriltag_msgs/cmake/ament_cmake_export_libraries-extras.cmake
-- Installing: /home/ben/mp3_ros2_ws/src/AprilTag-ROS-2/install/apriltag_msgs/share/apriltag_msgs/cmake/ament_cmake_export_targets-extras.cmake
-- Installing: /home/ben/mp3_ros2_ws/src/AprilTag-ROS-2/install/apriltag_msgs/share/apriltag_msgs/cmake/rosidl_cmake_export_typesupport_targets-extras.cmake
-- Installing: /home/ben/mp3_ros2_ws/src/AprilTag-ROS-2/install/apriltag_msgs/share/apriltag_msgs/cmake/rosidl_cmake_export_typesupport_libraries-extras.cmake
-- Installing: /home/ben/mp3_ros2_ws/src/AprilTag-ROS-2/install/apriltag_msgs/share/apriltag_msgs/cmake/apriltag_msgsConfig.cmake
-- Installing: /home/ben/mp3_ros2_ws/src/AprilTag-ROS-2/install/apriltag_msgs/share/apriltag_msgs/cmake/apriltag_msgsConfig-version.cmake
-- Installing: /home/ben/mp3_ros2_ws/src/AprilTag-ROS-2/install/apriltag_msgs/share/apriltag_msgs/package.xml
