running egg_info
writing ../build/camera_lander/camera_lander.egg-info/PKG-INFO
writing dependency_links to ../build/camera_lander/camera_lander.egg-info/dependency_links.txt
writing entry points to ../build/camera_lander/camera_lander.egg-info/entry_points.txt
writing requirements to ../build/camera_lander/camera_lander.egg-info/requires.txt
writing top-level names to ../build/camera_lander/camera_lander.egg-info/top_level.txt
reading manifest file '../build/camera_lander/camera_lander.egg-info/SOURCES.txt'
writing manifest file '../build/camera_lander/camera_lander.egg-info/SOURCES.txt'
running build
running build_py
copying camera_lander/lander_node.py -> /home/ben/mp3_ros2_ws/src/AprilTag-ROS-2/build/camera_lander/build/lib/camera_lander
copying camera_lander/__init__.py -> /home/ben/mp3_ros2_ws/src/AprilTag-ROS-2/build/camera_lander/build/lib/camera_lander
running install
running install_lib
copying /home/ben/mp3_ros2_ws/src/AprilTag-ROS-2/build/camera_lander/build/lib/camera_lander/lander_node.py -> /home/ben/mp3_ros2_ws/src/AprilTag-ROS-2/install/camera_lander/lib/python3.10/site-packages/camera_lander
copying /home/ben/mp3_ros2_ws/src/AprilTag-ROS-2/build/camera_lander/build/lib/camera_lander/__init__.py -> /home/ben/mp3_ros2_ws/src/AprilTag-ROS-2/install/camera_lander/lib/python3.10/site-packages/camera_lander
byte-compiling /home/ben/mp3_ros2_ws/src/AprilTag-ROS-2/install/camera_lander/lib/python3.10/site-packages/camera_lander/lander_node.py to lander_node.cpython-310.pyc
byte-compiling /home/ben/mp3_ros2_ws/src/AprilTag-ROS-2/install/camera_lander/lib/python3.10/site-packages/camera_lander/__init__.py to __init__.cpython-310.pyc
running install_data
running install_egg_info
removing '/home/ben/mp3_ros2_ws/src/AprilTag-ROS-2/install/camera_lander/lib/python3.10/site-packages/camera_lander-0.0.0-py3.10.egg-info' (and everything under it)
Copying ../build/camera_lander/camera_lander.egg-info to /home/ben/mp3_ros2_ws/src/AprilTag-ROS-2/install/camera_lander/lib/python3.10/site-packages/camera_lander-0.0.0-py3.10.egg-info
running install_scripts
Installing camera_lander script to /home/ben/mp3_ros2_ws/src/AprilTag-ROS-2/install/camera_lander/lib/camera_lander
Installing talker script to /home/ben/mp3_ros2_ws/src/AprilTag-ROS-2/install/camera_lander/lib/camera_lander
writing list of installed files to '/home/ben/mp3_ros2_ws/src/AprilTag-ROS-2/build/camera_lander/install.log'
