[3.771s] Invoking command in '/home/ben/mp3_ros2_ws/src/AprilTag-ROS-2/camera_lander': PYTHONPATH=/home/ben/mp3_ros2_ws/src/AprilTag-ROS-2/build/camera_lander/prefix_override:/home/ben/mp3_ros2_ws/src/AprilTag-ROS-2/install/camera_lander/lib/python3.10/site-packages:${PYTHONPATH} /usr/bin/python3 setup.py egg_info --egg-base ../build/camera_lander build --build-base /home/ben/mp3_ros2_ws/src/AprilTag-ROS-2/build/camera_lander/build install --record /home/ben/mp3_ros2_ws/src/AprilTag-ROS-2/build/camera_lander/install.log --single-version-externally-managed
[5.385s] running egg_info
[5.387s] writing ../build/camera_lander/camera_lander.egg-info/PKG-INFO
[5.387s] writing dependency_links to ../build/camera_lander/camera_lander.egg-info/dependency_links.txt
[5.388s] writing entry points to ../build/camera_lander/camera_lander.egg-info/entry_points.txt
[5.388s] writing requirements to ../build/camera_lander/camera_lander.egg-info/requires.txt
[5.388s] writing top-level names to ../build/camera_lander/camera_lander.egg-info/top_level.txt
[5.392s] reading manifest file '../build/camera_lander/camera_lander.egg-info/SOURCES.txt'
[5.394s] writing manifest file '../build/camera_lander/camera_lander.egg-info/SOURCES.txt'
[5.394s] running build
[5.394s] running build_py
[5.394s] copying camera_lander/lander_node.py -> /home/ben/mp3_ros2_ws/src/AprilTag-ROS-2/build/camera_lander/build/lib/camera_lander
[5.395s] copying camera_lander/__init__.py -> /home/ben/mp3_ros2_ws/src/AprilTag-ROS-2/build/camera_lander/build/lib/camera_lander
[5.395s] running install
[5.395s] /usr/lib/python3/dist-packages/setuptools/command/install.py:34: SetuptoolsDeprecationWarning: setup.py install is deprecated. Use build and pip and other standards-based tools.
[5.395s]   warnings.warn(
[5.396s] running install_lib
[5.397s] copying /home/ben/mp3_ros2_ws/src/AprilTag-ROS-2/build/camera_lander/build/lib/camera_lander/lander_node.py -> /home/ben/mp3_ros2_ws/src/AprilTag-ROS-2/install/camera_lander/lib/python3.10/site-packages/camera_lander
[5.397s] copying /home/ben/mp3_ros2_ws/src/AprilTag-ROS-2/build/camera_lander/build/lib/camera_lander/__init__.py -> /home/ben/mp3_ros2_ws/src/AprilTag-ROS-2/install/camera_lander/lib/python3.10/site-packages/camera_lander
[5.398s] byte-compiling /home/ben/mp3_ros2_ws/src/AprilTag-ROS-2/install/camera_lander/lib/python3.10/site-packages/camera_lander/lander_node.py to lander_node.cpython-310.pyc
[5.400s] byte-compiling /home/ben/mp3_ros2_ws/src/AprilTag-ROS-2/install/camera_lander/lib/python3.10/site-packages/camera_lander/__init__.py to __init__.cpython-310.pyc
[5.400s] running install_data
[5.401s] running install_egg_info
[5.404s] removing '/home/ben/mp3_ros2_ws/src/AprilTag-ROS-2/install/camera_lander/lib/python3.10/site-packages/camera_lander-0.0.0-py3.10.egg-info' (and everything under it)
[5.404s] Copying ../build/camera_lander/camera_lander.egg-info to /home/ben/mp3_ros2_ws/src/AprilTag-ROS-2/install/camera_lander/lib/python3.10/site-packages/camera_lander-0.0.0-py3.10.egg-info
[5.405s] running install_scripts
[5.447s] Installing camera_lander script to /home/ben/mp3_ros2_ws/src/AprilTag-ROS-2/install/camera_lander/lib/camera_lander
[5.447s] Installing talker script to /home/ben/mp3_ros2_ws/src/AprilTag-ROS-2/install/camera_lander/lib/camera_lander
[5.447s] writing list of installed files to '/home/ben/mp3_ros2_ws/src/AprilTag-ROS-2/build/camera_lander/install.log'
[5.510s] Invoked command in '/home/ben/mp3_ros2_ws/src/AprilTag-ROS-2/camera_lander' returned '0': PYTHONPATH=/home/ben/mp3_ros2_ws/src/AprilTag-ROS-2/build/camera_lander/prefix_override:/home/ben/mp3_ros2_ws/src/AprilTag-ROS-2/install/camera_lander/lib/python3.10/site-packages:${PYTHONPATH} /usr/bin/python3 setup.py egg_info --egg-base ../build/camera_lander build --build-base /home/ben/mp3_ros2_ws/src/AprilTag-ROS-2/build/camera_lander/build install --record /home/ben/mp3_ros2_ws/src/AprilTag-ROS-2/build/camera_lander/install.log --single-version-externally-managed
