[0.080s] Invoking command in '/home/ben/mp3_ros2_ws/src/AprilTag-ROS-2/build/tracetools_image_pipeline': CMAKE_PREFIX_PATH=/opt/ros/humble /usr/bin/cmake --build /home/ben/mp3_ros2_ws/src/AprilTag-ROS-2/build/tracetools_image_pipeline -- -j12 -l12
[1.305s] [35m[1mConsolidate compiler generated dependencies of target tracetools_image_pipeline[0m
[1.307s] [ 60%] Built target tracetools_image_pipeline
[1.308s] [35m[1mConsolidate compiler generated dependencies of target status[0m
[1.308s] [100%] Built target status
[1.532s] Invoked command in '/home/ben/mp3_ros2_ws/src/AprilTag-ROS-2/build/tracetools_image_pipeline' returned '0': CMAKE_PREFIX_PATH=/opt/ros/humble /usr/bin/cmake --build /home/ben/mp3_ros2_ws/src/AprilTag-ROS-2/build/tracetools_image_pipeline -- -j12 -l12
[2.217s] Invoking command in '/home/ben/mp3_ros2_ws/src/AprilTag-ROS-2/build/tracetools_image_pipeline': CMAKE_PREFIX_PATH=/opt/ros/humble /usr/bin/cmake --install /home/ben/mp3_ros2_ws/src/AprilTag-ROS-2/build/tracetools_image_pipeline
[2.241s] -- Install configuration: ""
[2.241s] -- Up-to-date: /home/ben/mp3_ros2_ws/src/AprilTag-ROS-2/install/tracetools_image_pipeline/share/tracetools_image_pipeline/environment/library_path.sh
[2.243s] -- Up-to-date: /home/ben/mp3_ros2_ws/src/AprilTag-ROS-2/install/tracetools_image_pipeline/share/tracetools_image_pipeline/environment/library_path.dsv
[2.244s] -- Up-to-date: /home/ben/mp3_ros2_ws/src/AprilTag-ROS-2/install/tracetools_image_pipeline/lib/tracetools_image_pipeline/status
[2.246s] -- Up-to-date: /home/ben/mp3_ros2_ws/src/AprilTag-ROS-2/install/tracetools_image_pipeline/include
[2.247s] -- Up-to-date: /home/ben/mp3_ros2_ws/src/AprilTag-ROS-2/install/tracetools_image_pipeline/include/tracetools_image_pipeline
[2.247s] -- Up-to-date: /home/ben/mp3_ros2_ws/src/AprilTag-ROS-2/install/tracetools_image_pipeline/include/tracetools_image_pipeline/utils.hpp
[2.249s] -- Up-to-date: /home/ben/mp3_ros2_ws/src/AprilTag-ROS-2/install/tracetools_image_pipeline/include/tracetools_image_pipeline/config.h
[2.250s] -- Up-to-date: /home/ben/mp3_ros2_ws/src/AprilTag-ROS-2/install/tracetools_image_pipeline/include/tracetools_image_pipeline/tracetools.h
[2.251s] -- Up-to-date: /home/ben/mp3_ros2_ws/src/AprilTag-ROS-2/install/tracetools_image_pipeline/include/tracetools_image_pipeline/visibility_control.hpp
[2.252s] -- Up-to-date: /home/ben/mp3_ros2_ws/src/AprilTag-ROS-2/install/tracetools_image_pipeline/lib/libtracetools_image_pipeline.so
[2.253s] -- Up-to-date: /home/ben/mp3_ros2_ws/src/AprilTag-ROS-2/install/tracetools_image_pipeline/share/ament_index/resource_index/package_run_dependencies/tracetools_image_pipeline
[2.255s] -- Up-to-date: /home/ben/mp3_ros2_ws/src/AprilTag-ROS-2/install/tracetools_image_pipeline/share/ament_index/resource_index/parent_prefix_path/tracetools_image_pipeline
[2.256s] -- Up-to-date: /home/ben/mp3_ros2_ws/src/AprilTag-ROS-2/install/tracetools_image_pipeline/share/tracetools_image_pipeline/environment/ament_prefix_path.sh
[2.257s] -- Up-to-date: /home/ben/mp3_ros2_ws/src/AprilTag-ROS-2/install/tracetools_image_pipeline/share/tracetools_image_pipeline/environment/ament_prefix_path.dsv
[2.259s] -- Up-to-date: /home/ben/mp3_ros2_ws/src/AprilTag-ROS-2/install/tracetools_image_pipeline/share/tracetools_image_pipeline/environment/path.sh
[2.260s] -- Up-to-date: /home/ben/mp3_ros2_ws/src/AprilTag-ROS-2/install/tracetools_image_pipeline/share/tracetools_image_pipeline/environment/path.dsv
[2.261s] -- Up-to-date: /home/ben/mp3_ros2_ws/src/AprilTag-ROS-2/install/tracetools_image_pipeline/share/tracetools_image_pipeline/local_setup.bash
[2.262s] -- Up-to-date: /home/ben/mp3_ros2_ws/src/AprilTag-ROS-2/install/tracetools_image_pipeline/share/tracetools_image_pipeline/local_setup.sh
[2.263s] -- Up-to-date: /home/ben/mp3_ros2_ws/src/AprilTag-ROS-2/install/tracetools_image_pipeline/share/tracetools_image_pipeline/local_setup.zsh
[2.264s] -- Up-to-date: /home/ben/mp3_ros2_ws/src/AprilTag-ROS-2/install/tracetools_image_pipeline/share/tracetools_image_pipeline/local_setup.dsv
[2.266s] -- Installing: /home/ben/mp3_ros2_ws/src/AprilTag-ROS-2/install/tracetools_image_pipeline/share/tracetools_image_pipeline/package.dsv
[2.269s] -- Up-to-date: /home/ben/mp3_ros2_ws/src/AprilTag-ROS-2/install/tracetools_image_pipeline/share/ament_index/resource_index/packages/tracetools_image_pipeline
[2.270s] -- Up-to-date: /home/ben/mp3_ros2_ws/src/AprilTag-ROS-2/install/tracetools_image_pipeline/share/tracetools_image_pipeline/cmake/tracetools_image_pipeline_exportExport.cmake
[2.272s] -- Up-to-date: /home/ben/mp3_ros2_ws/src/AprilTag-ROS-2/install/tracetools_image_pipeline/share/tracetools_image_pipeline/cmake/tracetools_image_pipeline_exportExport-noconfig.cmake
[2.274s] -- Up-to-date: /home/ben/mp3_ros2_ws/src/AprilTag-ROS-2/install/tracetools_image_pipeline/share/tracetools_image_pipeline/cmake/ament_cmake_export_targets-extras.cmake
[2.275s] -- Up-to-date: /home/ben/mp3_ros2_ws/src/AprilTag-ROS-2/install/tracetools_image_pipeline/share/tracetools_image_pipeline/cmake/ament_cmake_export_include_directories-extras.cmake
[2.277s] -- Up-to-date: /home/ben/mp3_ros2_ws/src/AprilTag-ROS-2/install/tracetools_image_pipeline/share/tracetools_image_pipeline/cmake/ament_cmake_export_libraries-extras.cmake
[2.279s] -- Up-to-date: /home/ben/mp3_ros2_ws/src/AprilTag-ROS-2/install/tracetools_image_pipeline/share/tracetools_image_pipeline/cmake/tracetools_image_pipelineConfig.cmake
[2.280s] -- Up-to-date: /home/ben/mp3_ros2_ws/src/AprilTag-ROS-2/install/tracetools_image_pipeline/share/tracetools_image_pipeline/cmake/tracetools_image_pipelineConfig-version.cmake
[2.292s] -- Up-to-date: /home/ben/mp3_ros2_ws/src/AprilTag-ROS-2/install/tracetools_image_pipeline/share/tracetools_image_pipeline/package.xml
[2.301s] Invoked command in '/home/ben/mp3_ros2_ws/src/AprilTag-ROS-2/build/tracetools_image_pipeline' returned '0': CMAKE_PREFIX_PATH=/opt/ros/humble /usr/bin/cmake --install /home/ben/mp3_ros2_ws/src/AprilTag-ROS-2/build/tracetools_image_pipeline
