[0.403s] Invoking command in '/home/ben/mp3_ros2_ws/src/AprilTag-ROS-2/build/image_rotate': CMAKE_PREFIX_PATH=/opt/ros/humble /usr/bin/cmake /home/ben/mp3_ros2_ws/src/AprilTag-ROS-2/image_pipeline/image_rotate -DCMAKE_INSTALL_PREFIX=/home/ben/mp3_ros2_ws/src/AprilTag-ROS-2/install/image_rotate
[0.999s] -- The C compiler identification is GNU 11.4.0
[0.999s] -- The CXX compiler identification is GNU 11.4.0
[0.999s] -- Detecting C compiler ABI info
[0.999s] -- Detecting C compiler ABI info - done
[0.999s] -- Check for working C compiler: /usr/bin/cc - skipped
[0.999s] -- Detecting C compile features
[1.000s] -- Detecting C compile features - done
[1.000s] -- Detecting CXX compiler ABI info
[1.000s] -- Detecting CXX compiler ABI info - done
[1.000s] -- Check for working CXX compiler: /usr/bin/c++ - skipped
[1.000s] -- Detecting CXX compile features
[1.000s] -- Detecting CXX compile features - done
[1.001s] -- Found ament_cmake_auto: 1.3.5 (/opt/ros/humble/share/ament_cmake_auto/cmake)
[1.301s] -- Found Python3: /usr/bin/python3.10 (found version "3.10.12") found components: Interpreter 
[1.830s] -- Found rosidl_generator_c: 3.1.5 (/opt/ros/humble/share/rosidl_generator_c/cmake)
[1.843s] -- Found rosidl_adapter: 3.1.5 (/opt/ros/humble/share/rosidl_adapter/cmake)
[1.862s] -- Found rosidl_generator_cpp: 3.1.5 (/opt/ros/humble/share/rosidl_generator_cpp/cmake)
[1.890s] -- Using all available rosidl_typesupport_c: rosidl_typesupport_fastrtps_c;rosidl_typesupport_introspection_c
[1.929s] -- Using all available rosidl_typesupport_cpp: rosidl_typesupport_fastrtps_cpp;rosidl_typesupport_introspection_cpp
[3.179s] -- Found rmw_implementation_cmake: 6.1.1 (/opt/ros/humble/share/rmw_implementation_cmake/cmake)
[3.180s] -- Found rmw_fastrtps_cpp: 6.2.3 (/opt/ros/humble/share/rmw_fastrtps_cpp/cmake)
[3.597s] -- Found OpenSSL: /usr/lib/x86_64-linux-gnu/libcrypto.so (found version "3.0.2")  
[3.721s] -- Found FastRTPS: /opt/ros/humble/include  
[3.861s] -- Using RMW implementation 'rmw_fastrtps_cpp' as default
[3.879s] -- Looking for pthread.h
[4.091s] -- Looking for pthread.h - found
[4.091s] -- Performing Test CMAKE_HAVE_LIBC_PTHREAD
[4.261s] -- Performing Test CMAKE_HAVE_LIBC_PTHREAD - Success
[4.261s] -- Found Threads: TRUE  
[4.969s] -- Found eigen3_cmake_module: 0.1.1 (/opt/ros/humble/share/eigen3_cmake_module/cmake)
[4.976s] -- Found Eigen3: TRUE (found version "3.4.0") 
[4.977s] -- Ensuring Eigen3 include directory is part of orocos-kdl CMake target
[5.801s] -- Found OpenCV: /usr (found version "4.5.4") found components: core imgproc 
[5.821s] -- Found ament_lint_auto: 0.12.7 (/opt/ros/humble/share/ament_lint_auto/cmake)
[5.901s] -- Added test 'copyright' to check source files copyright and LICENSE
[5.904s] -- Added test 'cppcheck' to perform static code analysis on C / C++ code
[5.905s] -- Configured cppcheck include dirs: /home/ben/mp3_ros2_ws/src/AprilTag-ROS-2/image_pipeline/image_rotate/include
[5.905s] -- Configured cppcheck exclude dirs and/or files: 
[5.906s] -- Added test 'cpplint' to check C / C++ code against the Google style
[5.907s] -- Configured cpplint exclude dirs and/or files: 
[5.907s] -- Added test 'flake8' to check Python code syntax and style conventions
[5.908s] -- Added test 'lint_cmake' to check CMake code style
[5.909s] -- Added test 'pep257' to check Python code against some of the docstring style conventions in PEP 257
[5.910s] -- Added test 'uncrustify' to check C / C++ code style
[5.911s] -- Configured uncrustify additional arguments: 
[5.911s] -- Added test 'xmllint' to check XML markup files
[5.916s] -- Configuring done
[5.986s] -- Generating done
[5.993s] -- Build files have been written to: /home/ben/mp3_ros2_ws/src/AprilTag-ROS-2/build/image_rotate
[6.015s] Invoked command in '/home/ben/mp3_ros2_ws/src/AprilTag-ROS-2/build/image_rotate' returned '0': CMAKE_PREFIX_PATH=/opt/ros/humble /usr/bin/cmake /home/ben/mp3_ros2_ws/src/AprilTag-ROS-2/image_pipeline/image_rotate -DCMAKE_INSTALL_PREFIX=/home/ben/mp3_ros2_ws/src/AprilTag-ROS-2/install/image_rotate
[6.018s] Invoking command in '/home/ben/mp3_ros2_ws/src/AprilTag-ROS-2/build/image_rotate': CMAKE_PREFIX_PATH=/opt/ros/humble /usr/bin/cmake --build /home/ben/mp3_ros2_ws/src/AprilTag-ROS-2/build/image_rotate -- -j12 -l12
[6.157s] [ 25%] [32mBuilding CXX object CMakeFiles/image_rotate.dir/src/image_rotate_node.cpp.o[0m
[7.309s] In file included from [01m[K/home/ben/mp3_ros2_ws/src/AprilTag-ROS-2/image_pipeline/image_rotate/include/image_rotate/image_rotate_node.hpp:42[m[K,
[7.309s]                  from [01m[K/home/ben/mp3_ros2_ws/src/AprilTag-ROS-2/image_pipeline/image_rotate/src/image_rotate_node.cpp:42[m[K:
[7.309s] [01m[K/opt/ros/humble/include/tf2_geometry_msgs/tf2_geometry_msgs/tf2_geometry_msgs.h:35:2:[m[K [01;35m[Kwarning: [m[K#warning This header is obsolete, please include tf2_geometry_msgs/tf2_geometry_msgs.hpp instead [[01;35m[K]8;;https://gcc.gnu.org/onlinedocs/gcc/Warning-Options.html#index-Wcpp-Wcpp]8;;[m[K]
[7.309s]    35 | #[01;35m[Kwarning[m[K This header is obsolete, please include tf2_geometry_msgs/tf2_geometry_msgs.hpp instead
[7.309s]       |  [01;35m[K^~~~~~~[m[K
[13.352s] gmake[2]: *** [CMakeFiles/image_rotate.dir/build.make:76: CMakeFiles/image_rotate.dir/src/image_rotate_node.cpp.o] Interrupt
[13.353s] gmake[1]: *** [CMakeFiles/Makefile2:139: CMakeFiles/image_rotate.dir/all] Interrupt
[13.353s] gmake: *** [Makefile:146: all] Interrupt
