[2.221s] Invoking command in '/home/ben/mp3_ros2_ws/src/AprilTag-ROS-2/image_pipeline/camera_calibration': PYTHONPATH=/home/ben/mp3_ros2_ws/src/AprilTag-ROS-2/build/camera_calibration/prefix_override:/home/ben/mp3_ros2_ws/src/AprilTag-ROS-2/install/camera_calibration/lib/python3.10/site-packages:${PYTHONPATH} /usr/bin/python3 setup.py egg_info --egg-base ../../build/camera_calibration build --build-base /home/ben/mp3_ros2_ws/src/AprilTag-ROS-2/build/camera_calibration/build install --record /home/ben/mp3_ros2_ws/src/AprilTag-ROS-2/build/camera_calibration/install.log --single-version-externally-managed
[2.810s] /usr/lib/python3/dist-packages/setuptools/command/install.py:34: SetuptoolsDeprecationWarning: setup.py install is deprecated. Use build and pip and other standards-based tools.
[2.810s]   warnings.warn(
[2.810s] running egg_info
[2.811s] creating ../../build/camera_calibration/camera_calibration.egg-info
[2.811s] writing ../../build/camera_calibration/camera_calibration.egg-info/PKG-INFO
[2.811s] writing dependency_links to ../../build/camera_calibration/camera_calibration.egg-info/dependency_links.txt
[2.811s] writing entry points to ../../build/camera_calibration/camera_calibration.egg-info/entry_points.txt
[2.811s] writing requirements to ../../build/camera_calibration/camera_calibration.egg-info/requires.txt
[2.811s] writing top-level names to ../../build/camera_calibration/camera_calibration.egg-info/top_level.txt
[2.811s] writing manifest file '../../build/camera_calibration/camera_calibration.egg-info/SOURCES.txt'
[2.811s] reading manifest file '../../build/camera_calibration/camera_calibration.egg-info/SOURCES.txt'
[2.811s] writing manifest file '../../build/camera_calibration/camera_calibration.egg-info/SOURCES.txt'
[2.812s] running build
[2.812s] running build_py
[2.812s] creating /home/ben/mp3_ros2_ws/src/AprilTag-ROS-2/build/camera_calibration/build
[2.812s] creating /home/ben/mp3_ros2_ws/src/AprilTag-ROS-2/build/camera_calibration/build/lib
[2.812s] creating /home/ben/mp3_ros2_ws/src/AprilTag-ROS-2/build/camera_calibration/build/lib/camera_calibration
[2.812s] copying src/camera_calibration/calibrator.py -> /home/ben/mp3_ros2_ws/src/AprilTag-ROS-2/build/camera_calibration/build/lib/camera_calibration
[2.812s] copying src/camera_calibration/camera_checker.py -> /home/ben/mp3_ros2_ws/src/AprilTag-ROS-2/build/camera_calibration/build/lib/camera_calibration
[2.812s] copying src/camera_calibration/camera_calibrator.py -> /home/ben/mp3_ros2_ws/src/AprilTag-ROS-2/build/camera_calibration/build/lib/camera_calibration
[2.812s] copying src/camera_calibration/__init__.py -> /home/ben/mp3_ros2_ws/src/AprilTag-ROS-2/build/camera_calibration/build/lib/camera_calibration
[2.813s] creating /home/ben/mp3_ros2_ws/src/AprilTag-ROS-2/build/camera_calibration/build/lib/camera_calibration/nodes
[2.813s] copying src/camera_calibration/nodes/cameracalibrator.py -> /home/ben/mp3_ros2_ws/src/AprilTag-ROS-2/build/camera_calibration/build/lib/camera_calibration/nodes
[2.813s] copying src/camera_calibration/nodes/cameracheck.py -> /home/ben/mp3_ros2_ws/src/AprilTag-ROS-2/build/camera_calibration/build/lib/camera_calibration/nodes
[2.813s] copying src/camera_calibration/nodes/__init__.py -> /home/ben/mp3_ros2_ws/src/AprilTag-ROS-2/build/camera_calibration/build/lib/camera_calibration/nodes
[2.813s] running install
[2.813s] running install_lib
[2.813s] creating /home/ben/mp3_ros2_ws/src/AprilTag-ROS-2/install/camera_calibration/lib/python3.10/site-packages/camera_calibration
[2.813s] creating /home/ben/mp3_ros2_ws/src/AprilTag-ROS-2/install/camera_calibration/lib/python3.10/site-packages/camera_calibration/nodes
[2.814s] copying /home/ben/mp3_ros2_ws/src/AprilTag-ROS-2/build/camera_calibration/build/lib/camera_calibration/nodes/cameracalibrator.py -> /home/ben/mp3_ros2_ws/src/AprilTag-ROS-2/install/camera_calibration/lib/python3.10/site-packages/camera_calibration/nodes
[2.814s] copying /home/ben/mp3_ros2_ws/src/AprilTag-ROS-2/build/camera_calibration/build/lib/camera_calibration/nodes/cameracheck.py -> /home/ben/mp3_ros2_ws/src/AprilTag-ROS-2/install/camera_calibration/lib/python3.10/site-packages/camera_calibration/nodes
[2.814s] copying /home/ben/mp3_ros2_ws/src/AprilTag-ROS-2/build/camera_calibration/build/lib/camera_calibration/nodes/__init__.py -> /home/ben/mp3_ros2_ws/src/AprilTag-ROS-2/install/camera_calibration/lib/python3.10/site-packages/camera_calibration/nodes
[2.814s] copying /home/ben/mp3_ros2_ws/src/AprilTag-ROS-2/build/camera_calibration/build/lib/camera_calibration/calibrator.py -> /home/ben/mp3_ros2_ws/src/AprilTag-ROS-2/install/camera_calibration/lib/python3.10/site-packages/camera_calibration
[2.814s] copying /home/ben/mp3_ros2_ws/src/AprilTag-ROS-2/build/camera_calibration/build/lib/camera_calibration/camera_checker.py -> /home/ben/mp3_ros2_ws/src/AprilTag-ROS-2/install/camera_calibration/lib/python3.10/site-packages/camera_calibration
[2.814s] copying /home/ben/mp3_ros2_ws/src/AprilTag-ROS-2/build/camera_calibration/build/lib/camera_calibration/camera_calibrator.py -> /home/ben/mp3_ros2_ws/src/AprilTag-ROS-2/install/camera_calibration/lib/python3.10/site-packages/camera_calibration
[2.814s] copying /home/ben/mp3_ros2_ws/src/AprilTag-ROS-2/build/camera_calibration/build/lib/camera_calibration/__init__.py -> /home/ben/mp3_ros2_ws/src/AprilTag-ROS-2/install/camera_calibration/lib/python3.10/site-packages/camera_calibration
[2.814s] byte-compiling /home/ben/mp3_ros2_ws/src/AprilTag-ROS-2/install/camera_calibration/lib/python3.10/site-packages/camera_calibration/nodes/cameracalibrator.py to cameracalibrator.cpython-310.pyc
[2.814s] byte-compiling /home/ben/mp3_ros2_ws/src/AprilTag-ROS-2/install/camera_calibration/lib/python3.10/site-packages/camera_calibration/nodes/cameracheck.py to cameracheck.cpython-310.pyc
[2.815s] byte-compiling /home/ben/mp3_ros2_ws/src/AprilTag-ROS-2/install/camera_calibration/lib/python3.10/site-packages/camera_calibration/nodes/__init__.py to __init__.cpython-310.pyc
[2.815s] byte-compiling /home/ben/mp3_ros2_ws/src/AprilTag-ROS-2/install/camera_calibration/lib/python3.10/site-packages/camera_calibration/calibrator.py to calibrator.cpython-310.pyc
[2.815s] byte-compiling /home/ben/mp3_ros2_ws/src/AprilTag-ROS-2/install/camera_calibration/lib/python3.10/site-packages/camera_calibration/camera_checker.py to camera_checker.cpython-310.pyc
[2.815s] byte-compiling /home/ben/mp3_ros2_ws/src/AprilTag-ROS-2/install/camera_calibration/lib/python3.10/site-packages/camera_calibration/camera_calibrator.py to camera_calibrator.cpython-310.pyc
[2.815s] byte-compiling /home/ben/mp3_ros2_ws/src/AprilTag-ROS-2/install/camera_calibration/lib/python3.10/site-packages/camera_calibration/__init__.py to __init__.cpython-310.pyc
[2.815s] running install_data
[2.815s] creating /home/ben/mp3_ros2_ws/src/AprilTag-ROS-2/install/camera_calibration/share/ament_index
[2.815s] creating /home/ben/mp3_ros2_ws/src/AprilTag-ROS-2/install/camera_calibration/share/ament_index/resource_index
[2.815s] creating /home/ben/mp3_ros2_ws/src/AprilTag-ROS-2/install/camera_calibration/share/ament_index/resource_index/packages
[2.816s] copying resource/camera_calibration -> /home/ben/mp3_ros2_ws/src/AprilTag-ROS-2/install/camera_calibration/share/ament_index/resource_index/packages
[2.816s] copying package.xml -> /home/ben/mp3_ros2_ws/src/AprilTag-ROS-2/install/camera_calibration/share/camera_calibration
[2.816s] running install_egg_info
[2.827s] Copying ../../build/camera_calibration/camera_calibration.egg-info to /home/ben/mp3_ros2_ws/src/AprilTag-ROS-2/install/camera_calibration/lib/python3.10/site-packages/camera_calibration-2.3.0-py3.10.egg-info
[2.828s] running install_scripts
[2.912s] Installing cameracalibrator script to /home/ben/mp3_ros2_ws/src/AprilTag-ROS-2/install/camera_calibration/lib/camera_calibration
[2.918s] Installing cameracheck script to /home/ben/mp3_ros2_ws/src/AprilTag-ROS-2/install/camera_calibration/lib/camera_calibration
[2.918s] writing list of installed files to '/home/ben/mp3_ros2_ws/src/AprilTag-ROS-2/build/camera_calibration/install.log'
[3.063s] Invoked command in '/home/ben/mp3_ros2_ws/src/AprilTag-ROS-2/image_pipeline/camera_calibration' returned '0': PYTHONPATH=/home/ben/mp3_ros2_ws/src/AprilTag-ROS-2/build/camera_calibration/prefix_override:/home/ben/mp3_ros2_ws/src/AprilTag-ROS-2/install/camera_calibration/lib/python3.10/site-packages:${PYTHONPATH} /usr/bin/python3 setup.py egg_info --egg-base ../../build/camera_calibration build --build-base /home/ben/mp3_ros2_ws/src/AprilTag-ROS-2/build/camera_calibration/build install --record /home/ben/mp3_ros2_ws/src/AprilTag-ROS-2/build/camera_calibration/install.log --single-version-externally-managed
