[0.389s] Invoking command in '/home/ben/mp3_ros2_ws/src/AprilTag-ROS-2/build/image_publisher': CMAKE_PREFIX_PATH=/opt/ros/humble /usr/bin/cmake --build /home/ben/mp3_ros2_ws/src/AprilTag-ROS-2/build/image_publisher -- -j12 -l12
[1.397s] [ 25%] [32mBuilding CXX object CMakeFiles/image_publisher.dir/src/image_publisher.cpp.o[0m
[17.665s] [ 50%] [32m[1mLinking CXX shared library libimage_publisher.so[0m
[18.183s] [ 50%] Built target image_publisher
[18.333s] [ 75%] [32mBuilding CXX object CMakeFiles/image_publisher_node.dir/src/image_publisher_node.cpp.o[0m
[26.984s] [100%] [32m[1mLinking CXX executable image_publisher_node[0m
[28.430s] [100%] Built target image_publisher_node
[28.451s] Invoked command in '/home/ben/mp3_ros2_ws/src/AprilTag-ROS-2/build/image_publisher' returned '0': CMAKE_PREFIX_PATH=/opt/ros/humble /usr/bin/cmake --build /home/ben/mp3_ros2_ws/src/AprilTag-ROS-2/build/image_publisher -- -j12 -l12
[28.526s] Invoking command in '/home/ben/mp3_ros2_ws/src/AprilTag-ROS-2/build/image_publisher': CMAKE_PREFIX_PATH=/opt/ros/humble /usr/bin/cmake --install /home/ben/mp3_ros2_ws/src/AprilTag-ROS-2/build/image_publisher
[28.545s] -- Install configuration: ""
[28.545s] -- Installing: /home/ben/mp3_ros2_ws/src/AprilTag-ROS-2/install/image_publisher/include
[28.545s] -- Installing: /home/ben/mp3_ros2_ws/src/AprilTag-ROS-2/install/image_publisher/include/image_publisher
[28.545s] -- Installing: /home/ben/mp3_ros2_ws/src/AprilTag-ROS-2/install/image_publisher/include/image_publisher/visibility.h
[28.546s] -- Installing: /home/ben/mp3_ros2_ws/src/AprilTag-ROS-2/install/image_publisher/include/image_publisher/image_publisher.hpp
[28.546s] -- Installing: /home/ben/mp3_ros2_ws/src/AprilTag-ROS-2/install/image_publisher/share/image_publisher/environment/library_path.sh
[28.546s] -- Installing: /home/ben/mp3_ros2_ws/src/AprilTag-ROS-2/install/image_publisher/share/image_publisher/environment/library_path.dsv
[28.546s] -- Installing: /home/ben/mp3_ros2_ws/src/AprilTag-ROS-2/install/image_publisher/lib/libimage_publisher.so
[28.547s] -- Set runtime path of "/home/ben/mp3_ros2_ws/src/AprilTag-ROS-2/install/image_publisher/lib/libimage_publisher.so" to ""
[28.547s] -- Installing: /home/ben/mp3_ros2_ws/src/AprilTag-ROS-2/install/image_publisher/lib/image_publisher/image_publisher_node
[28.548s] -- Set runtime path of "/home/ben/mp3_ros2_ws/src/AprilTag-ROS-2/install/image_publisher/lib/image_publisher/image_publisher_node" to ""
[28.548s] -- Installing: /home/ben/mp3_ros2_ws/src/AprilTag-ROS-2/install/image_publisher/share/image_publisher/launch
[28.548s] -- Installing: /home/ben/mp3_ros2_ws/src/AprilTag-ROS-2/install/image_publisher/share/image_publisher/launch/image_publisher_stereo.launch.py
[28.548s] -- Installing: /home/ben/mp3_ros2_ws/src/AprilTag-ROS-2/install/image_publisher/share/image_publisher/launch/image_publisher_mono.launch.py
[28.548s] -- Installing: /home/ben/mp3_ros2_ws/src/AprilTag-ROS-2/install/image_publisher/share/image_publisher/launch/image_publisher_file.launch.py
[28.548s] -- Installing: /home/ben/mp3_ros2_ws/src/AprilTag-ROS-2/install/image_publisher/share/image_publisher/launch/splash.png
[28.549s] -- Installing: /home/ben/mp3_ros2_ws/src/AprilTag-ROS-2/install/image_publisher/share/ament_index/resource_index/package_run_dependencies/image_publisher
[28.549s] -- Installing: /home/ben/mp3_ros2_ws/src/AprilTag-ROS-2/install/image_publisher/share/ament_index/resource_index/parent_prefix_path/image_publisher
[28.550s] -- Installing: /home/ben/mp3_ros2_ws/src/AprilTag-ROS-2/install/image_publisher/share/image_publisher/environment/ament_prefix_path.sh
[28.550s] -- Installing: /home/ben/mp3_ros2_ws/src/AprilTag-ROS-2/install/image_publisher/share/image_publisher/environment/ament_prefix_path.dsv
[28.550s] -- Installing: /home/ben/mp3_ros2_ws/src/AprilTag-ROS-2/install/image_publisher/share/image_publisher/environment/path.sh
[28.550s] -- Installing: /home/ben/mp3_ros2_ws/src/AprilTag-ROS-2/install/image_publisher/share/image_publisher/environment/path.dsv
[28.550s] -- Installing: /home/ben/mp3_ros2_ws/src/AprilTag-ROS-2/install/image_publisher/share/image_publisher/local_setup.bash
[28.550s] -- Installing: /home/ben/mp3_ros2_ws/src/AprilTag-ROS-2/install/image_publisher/share/image_publisher/local_setup.sh
[28.551s] -- Installing: /home/ben/mp3_ros2_ws/src/AprilTag-ROS-2/install/image_publisher/share/image_publisher/local_setup.zsh
[28.551s] -- Installing: /home/ben/mp3_ros2_ws/src/AprilTag-ROS-2/install/image_publisher/share/image_publisher/local_setup.dsv
[28.551s] -- Installing: /home/ben/mp3_ros2_ws/src/AprilTag-ROS-2/install/image_publisher/share/image_publisher/package.dsv
[28.551s] -- Installing: /home/ben/mp3_ros2_ws/src/AprilTag-ROS-2/install/image_publisher/share/ament_index/resource_index/packages/image_publisher
[28.551s] -- Installing: /home/ben/mp3_ros2_ws/src/AprilTag-ROS-2/install/image_publisher/share/ament_index/resource_index/rclcpp_components/image_publisher
[28.551s] -- Installing: /home/ben/mp3_ros2_ws/src/AprilTag-ROS-2/install/image_publisher/share/image_publisher/cmake/ament_cmake_export_dependencies-extras.cmake
[28.552s] -- Installing: /home/ben/mp3_ros2_ws/src/AprilTag-ROS-2/install/image_publisher/share/image_publisher/cmake/ament_cmake_export_include_directories-extras.cmake
[28.552s] -- Installing: /home/ben/mp3_ros2_ws/src/AprilTag-ROS-2/install/image_publisher/share/image_publisher/cmake/ament_cmake_export_libraries-extras.cmake
[28.552s] -- Installing: /home/ben/mp3_ros2_ws/src/AprilTag-ROS-2/install/image_publisher/share/image_publisher/cmake/image_publisherConfig.cmake
[28.552s] -- Installing: /home/ben/mp3_ros2_ws/src/AprilTag-ROS-2/install/image_publisher/share/image_publisher/cmake/image_publisherConfig-version.cmake
[28.552s] -- Installing: /home/ben/mp3_ros2_ws/src/AprilTag-ROS-2/install/image_publisher/share/image_publisher/package.xml
[28.559s] Invoked command in '/home/ben/mp3_ros2_ws/src/AprilTag-ROS-2/build/image_publisher' returned '0': CMAKE_PREFIX_PATH=/opt/ros/humble /usr/bin/cmake --install /home/ben/mp3_ros2_ws/src/AprilTag-ROS-2/build/image_publisher
