[0.410s] Invoking command in '/home/ben/mp3_ros2_ws/src/AprilTag-ROS-2/build/depth_image_proc': CMAKE_PREFIX_PATH=/opt/ros/humble /usr/bin/cmake /home/ben/mp3_ros2_ws/src/AprilTag-ROS-2/image_pipeline/depth_image_proc -DCMAKE_INSTALL_PREFIX=/home/ben/mp3_ros2_ws/src/AprilTag-ROS-2/install/depth_image_proc
[1.005s] -- The C compiler identification is GNU 11.4.0
[1.006s] -- The CXX compiler identification is GNU 11.4.0
[1.006s] -- Detecting C compiler ABI info
[1.006s] -- Detecting C compiler ABI info - done
[1.006s] -- Check for working C compiler: /usr/bin/cc - skipped
[1.006s] -- Detecting C compile features
[1.006s] -- Detecting C compile features - done
[1.006s] -- Detecting CXX compiler ABI info
[1.007s] -- Detecting CXX compiler ABI info - done
[1.007s] -- Check for working CXX compiler: /usr/bin/c++ - skipped
[1.007s] -- Detecting CXX compile features
[1.007s] -- Detecting CXX compile features - done
[1.007s] -- Found ament_cmake_auto: 1.3.5 (/opt/ros/humble/share/ament_cmake_auto/cmake)
[1.390s] -- Found Python3: /usr/bin/python3.10 (found version "3.10.12") found components: Interpreter 
[2.023s] -- Found rosidl_generator_c: 3.1.5 (/opt/ros/humble/share/rosidl_generator_c/cmake)
[2.057s] -- Found rosidl_adapter: 3.1.5 (/opt/ros/humble/share/rosidl_adapter/cmake)
[2.107s] -- Found rosidl_generator_cpp: 3.1.5 (/opt/ros/humble/share/rosidl_generator_cpp/cmake)
[2.172s] -- Using all available rosidl_typesupport_c: rosidl_typesupport_fastrtps_c;rosidl_typesupport_introspection_c
[2.274s] -- Using all available rosidl_typesupport_cpp: rosidl_typesupport_fastrtps_cpp;rosidl_typesupport_introspection_cpp
[2.558s] -- Found rmw_implementation_cmake: 6.1.1 (/opt/ros/humble/share/rmw_implementation_cmake/cmake)
[2.564s] -- Found rmw_fastrtps_cpp: 6.2.3 (/opt/ros/humble/share/rmw_fastrtps_cpp/cmake)
[3.029s] -- Found OpenSSL: /usr/lib/x86_64-linux-gnu/libcrypto.so (found version "3.0.2")  
[3.105s] -- Found FastRTPS: /opt/ros/humble/include  
[3.220s] -- Using RMW implementation 'rmw_fastrtps_cpp' as default
[3.264s] -- Looking for pthread.h
[3.587s] -- Looking for pthread.h - found
[3.587s] -- Performing Test CMAKE_HAVE_LIBC_PTHREAD
[3.841s] -- Performing Test CMAKE_HAVE_LIBC_PTHREAD - Success
[3.848s] -- Found Threads: TRUE  
[5.834s] -- Found OpenCV: /usr (found version "4.5.4") 
[5.847s] -- Found ament_lint_auto: 0.12.7 (/opt/ros/humble/share/ament_lint_auto/cmake)
[5.883s] -- Added test 'copyright' to check source files copyright and LICENSE
[5.887s] -- Added test 'cppcheck' to perform static code analysis on C / C++ code
[5.887s] -- Configured cppcheck include dirs: /home/ben/mp3_ros2_ws/src/AprilTag-ROS-2/image_pipeline/depth_image_proc/include
[5.887s] -- Configured cppcheck exclude dirs and/or files: 
[5.891s] -- Added test 'cpplint' to check C / C++ code against the Google style
[5.891s] -- Configured cpplint exclude dirs and/or files: 
[5.892s] -- Added test 'flake8' to check Python code syntax and style conventions
[5.893s] -- Added test 'lint_cmake' to check CMake code style
[5.894s] -- Added test 'pep257' to check Python code against some of the docstring style conventions in PEP 257
[5.899s] -- Added test 'uncrustify' to check C / C++ code style
[5.899s] -- Configured uncrustify additional arguments: 
[5.900s] -- Added test 'xmllint' to check XML markup files
[5.918s] -- Configuring done
[5.985s] -- Generating done
[5.996s] -- Build files have been written to: /home/ben/mp3_ros2_ws/src/AprilTag-ROS-2/build/depth_image_proc
[6.065s] Invoked command in '/home/ben/mp3_ros2_ws/src/AprilTag-ROS-2/build/depth_image_proc' returned '0': CMAKE_PREFIX_PATH=/opt/ros/humble /usr/bin/cmake /home/ben/mp3_ros2_ws/src/AprilTag-ROS-2/image_pipeline/depth_image_proc -DCMAKE_INSTALL_PREFIX=/home/ben/mp3_ros2_ws/src/AprilTag-ROS-2/install/depth_image_proc
[6.065s] Invoking command in '/home/ben/mp3_ros2_ws/src/AprilTag-ROS-2/build/depth_image_proc': CMAKE_PREFIX_PATH=/opt/ros/humble /usr/bin/cmake --build /home/ben/mp3_ros2_ws/src/AprilTag-ROS-2/build/depth_image_proc -- -j12 -l12
[6.242s] [  8%] [32mBuilding CXX object CMakeFiles/depth_image_proc.dir/src/convert_metric.cpp.o[0m
[6.255s] [ 16%] [32mBuilding CXX object CMakeFiles/depth_image_proc.dir/src/conversions.cpp.o[0m
[6.266s] [ 25%] [32mBuilding CXX object CMakeFiles/depth_image_proc.dir/src/crop_foremost.cpp.o[0m
[6.275s] [ 33%] [32mBuilding CXX object CMakeFiles/depth_image_proc.dir/src/disparity.cpp.o[0m
[6.332s] [ 41%] [32mBuilding CXX object CMakeFiles/depth_image_proc.dir/src/point_cloud_xyz.cpp.o[0m
[6.351s] [ 50%] [32mBuilding CXX object CMakeFiles/depth_image_proc.dir/src/point_cloud_xyzrgb.cpp.o[0m
[6.388s] [ 58%] [32mBuilding CXX object CMakeFiles/depth_image_proc.dir/src/point_cloud_xyzi.cpp.o[0m
[6.410s] [ 66%] [32mBuilding CXX object CMakeFiles/depth_image_proc.dir/src/point_cloud_xyz_radial.cpp.o[0m
[6.461s] [ 75%] [32mBuilding CXX object CMakeFiles/depth_image_proc.dir/src/point_cloud_xyzi_radial.cpp.o[0m
[6.493s] [ 83%] [32mBuilding CXX object CMakeFiles/depth_image_proc.dir/src/point_cloud_xyzrgb_radial.cpp.o[0m
[6.539s] [ 91%] [32mBuilding CXX object CMakeFiles/depth_image_proc.dir/src/register.cpp.o[0m
[7.399s] In file included from [01m[K/home/ben/mp3_ros2_ws/src/AprilTag-ROS-2/image_pipeline/depth_image_proc/src/register.cpp:43[m[K:
[7.400s] [01m[K/opt/ros/humble/include/tf2_eigen/tf2_eigen/tf2_eigen.h:32:2:[m[K [01;35m[Kwarning: [m[K#warning This header is obsolete, please include tf2_eigen/tf2_eigen.hpp instead [[01;35m[K]8;;https://gcc.gnu.org/onlinedocs/gcc/Warning-Options.html#index-Wcpp-Wcpp]8;;[m[K]
[7.400s]    32 | #[01;35m[Kwarning[m[K This header is obsolete, please include tf2_eigen/tf2_eigen.hpp instead
[7.400s]       |  [01;35m[K^~~~~~~[m[K
[13.366s] gmake[2]: *** [CMakeFiles/depth_image_proc.dir/build.make:118: CMakeFiles/depth_image_proc.dir/src/disparity.cpp.o] Interrupt
[13.368s] gmake[2]: *** [CMakeFiles/depth_image_proc.dir/build.make:132: CMakeFiles/depth_image_proc.dir/src/point_cloud_xyz.cpp.o] Interrupt
[13.368s] gmake[2]: *** [CMakeFiles/depth_image_proc.dir/build.make:146: CMakeFiles/depth_image_proc.dir/src/point_cloud_xyzrgb.cpp.o] Interrupt
[13.368s] gmake[2]: *** [CMakeFiles/depth_image_proc.dir/build.make:174: CMakeFiles/depth_image_proc.dir/src/point_cloud_xyz_radial.cpp.o] Interrupt
[13.369s] gmake[2]: *** [CMakeFiles/depth_image_proc.dir/build.make:188: CMakeFiles/depth_image_proc.dir/src/point_cloud_xyzi_radial.cpp.o] Interrupt
[13.369s] gmake[2]: *** [CMakeFiles/depth_image_proc.dir/build.make:90: CMakeFiles/depth_image_proc.dir/src/convert_metric.cpp.o] Interrupt
[13.369s] gmake[2]: *** [CMakeFiles/depth_image_proc.dir/build.make:202: CMakeFiles/depth_image_proc.dir/src/point_cloud_xyzrgb_radial.cpp.o] Interrupt
[13.369s] gmake[2]: *** [CMakeFiles/depth_image_proc.dir/build.make:216: CMakeFiles/depth_image_proc.dir/src/register.cpp.o] Interrupt
[13.377s] gmake[2]: *** [CMakeFiles/depth_image_proc.dir/build.make:104: CMakeFiles/depth_image_proc.dir/src/crop_foremost.cpp.o] Interrupt
[13.377s] gmake[2]: *** [CMakeFiles/depth_image_proc.dir/build.make:160: CMakeFiles/depth_image_proc.dir/src/point_cloud_xyzi.cpp.o] Interrupt
[13.377s] gmake[2]: *** [CMakeFiles/depth_image_proc.dir/build.make:76: CMakeFiles/depth_image_proc.dir/src/conversions.cpp.o] Interrupt
[13.378s] gmake[1]: *** [CMakeFiles/Makefile2:137: CMakeFiles/depth_image_proc.dir/all] Interrupt
[13.378s] gmake: *** [Makefile:146: all] Interrupt
