[0.077s] Invoking command in '/home/ben/mp3_ros2_ws/src/AprilTag-ROS-2/build/apriltag': CMAKE_PREFIX_PATH=/opt/ros/humble /usr/bin/cmake --build /home/ben/mp3_ros2_ws/src/AprilTag-ROS-2/build/apriltag -- -j12 -l12
[1.337s] [35m[1mConsolidate compiler generated dependencies of target apriltag[0m
[1.337s] [ 80%] Built target apriltag
[1.337s] [35m[1mConsolidate compiler generated dependencies of target apriltag_demo[0m
[1.338s] [35m[1mConsolidate compiler generated dependencies of target opencv_demo[0m
[1.338s] [ 85%] Built target apriltag_demo
[1.338s] [ 95%] Built target apriltag_python
[1.338s] [100%] Built target opencv_demo
[1.554s] Invoked command in '/home/ben/mp3_ros2_ws/src/AprilTag-ROS-2/build/apriltag' returned '0': CMAKE_PREFIX_PATH=/opt/ros/humble /usr/bin/cmake --build /home/ben/mp3_ros2_ws/src/AprilTag-ROS-2/build/apriltag -- -j12 -l12
[3.766s] Invoking command in '/home/ben/mp3_ros2_ws/src/AprilTag-ROS-2/build/apriltag': CMAKE_PREFIX_PATH=/opt/ros/humble /usr/bin/cmake --install /home/ben/mp3_ros2_ws/src/AprilTag-ROS-2/build/apriltag
[4.562s] -- Install configuration: "Release"
[4.562s] -- Installing: /home/ben/mp3_ros2_ws/src/AprilTag-ROS-2/install/apriltag/include/apriltag/apriltag.h
[4.563s] -- Installing: /home/ben/mp3_ros2_ws/src/AprilTag-ROS-2/install/apriltag/include/apriltag/apriltag_math.h
[4.563s] -- Installing: /home/ben/mp3_ros2_ws/src/AprilTag-ROS-2/install/apriltag/include/apriltag/apriltag_pose.h
[4.563s] -- Installing: /home/ben/mp3_ros2_ws/src/AprilTag-ROS-2/install/apriltag/include/apriltag/common/doubles.h
[4.563s] -- Installing: /home/ben/mp3_ros2_ws/src/AprilTag-ROS-2/install/apriltag/include/apriltag/common/doubles_floats_impl.h
[4.563s] -- Installing: /home/ben/mp3_ros2_ws/src/AprilTag-ROS-2/install/apriltag/include/apriltag/common/floats.h
[4.563s] -- Installing: /home/ben/mp3_ros2_ws/src/AprilTag-ROS-2/install/apriltag/include/apriltag/common/g2d.h
[4.563s] -- Installing: /home/ben/mp3_ros2_ws/src/AprilTag-ROS-2/install/apriltag/include/apriltag/common/getopt.h
[4.564s] -- Installing: /home/ben/mp3_ros2_ws/src/AprilTag-ROS-2/install/apriltag/include/apriltag/common/homography.h
[4.564s] -- Installing: /home/ben/mp3_ros2_ws/src/AprilTag-ROS-2/install/apriltag/include/apriltag/common/image_types.h
[4.564s] -- Installing: /home/ben/mp3_ros2_ws/src/AprilTag-ROS-2/install/apriltag/include/apriltag/common/image_u8.h
[4.564s] -- Installing: /home/ben/mp3_ros2_ws/src/AprilTag-ROS-2/install/apriltag/include/apriltag/common/image_u8x3.h
[4.564s] -- Installing: /home/ben/mp3_ros2_ws/src/AprilTag-ROS-2/install/apriltag/include/apriltag/common/image_u8x4.h
[4.564s] -- Installing: /home/ben/mp3_ros2_ws/src/AprilTag-ROS-2/install/apriltag/include/apriltag/common/matd.h
[4.564s] -- Installing: /home/ben/mp3_ros2_ws/src/AprilTag-ROS-2/install/apriltag/include/apriltag/common/math_util.h
[4.564s] -- Installing: /home/ben/mp3_ros2_ws/src/AprilTag-ROS-2/install/apriltag/include/apriltag/common/pam.h
[4.565s] -- Installing: /home/ben/mp3_ros2_ws/src/AprilTag-ROS-2/install/apriltag/include/apriltag/common/pjpeg.h
[4.565s] -- Installing: /home/ben/mp3_ros2_ws/src/AprilTag-ROS-2/install/apriltag/include/apriltag/common/pnm.h
[4.565s] -- Installing: /home/ben/mp3_ros2_ws/src/AprilTag-ROS-2/install/apriltag/include/apriltag/common/postscript_utils.h
[4.565s] -- Installing: /home/ben/mp3_ros2_ws/src/AprilTag-ROS-2/install/apriltag/include/apriltag/common/string_util.h
[4.565s] -- Installing: /home/ben/mp3_ros2_ws/src/AprilTag-ROS-2/install/apriltag/include/apriltag/common/svd22.h
[4.565s] -- Installing: /home/ben/mp3_ros2_ws/src/AprilTag-ROS-2/install/apriltag/include/apriltag/common/time_util.h
[4.565s] -- Installing: /home/ben/mp3_ros2_ws/src/AprilTag-ROS-2/install/apriltag/include/apriltag/common/timeprofile.h
[4.565s] -- Installing: /home/ben/mp3_ros2_ws/src/AprilTag-ROS-2/install/apriltag/include/apriltag/common/unionfind.h
[4.566s] -- Installing: /home/ben/mp3_ros2_ws/src/AprilTag-ROS-2/install/apriltag/include/apriltag/common/workerpool.h
[4.566s] -- Installing: /home/ben/mp3_ros2_ws/src/AprilTag-ROS-2/install/apriltag/include/apriltag/common/zarray.h
[4.566s] -- Installing: /home/ben/mp3_ros2_ws/src/AprilTag-ROS-2/install/apriltag/include/apriltag/common/zhash.h
[4.566s] -- Installing: /home/ben/mp3_ros2_ws/src/AprilTag-ROS-2/install/apriltag/include/apriltag/common/zmaxheap.h
[4.566s] -- Installing: /home/ben/mp3_ros2_ws/src/AprilTag-ROS-2/install/apriltag/include/apriltag/tag16h5.h
[4.566s] -- Installing: /home/ben/mp3_ros2_ws/src/AprilTag-ROS-2/install/apriltag/include/apriltag/tag25h9.h
[4.566s] -- Installing: /home/ben/mp3_ros2_ws/src/AprilTag-ROS-2/install/apriltag/include/apriltag/tag36h10.h
[4.567s] -- Installing: /home/ben/mp3_ros2_ws/src/AprilTag-ROS-2/install/apriltag/include/apriltag/tag36h11.h
[4.567s] -- Installing: /home/ben/mp3_ros2_ws/src/AprilTag-ROS-2/install/apriltag/include/apriltag/tagCircle21h7.h
[4.567s] -- Installing: /home/ben/mp3_ros2_ws/src/AprilTag-ROS-2/install/apriltag/include/apriltag/tagCircle49h12.h
[4.567s] -- Installing: /home/ben/mp3_ros2_ws/src/AprilTag-ROS-2/install/apriltag/include/apriltag/tagCustom48h12.h
[4.567s] -- Installing: /home/ben/mp3_ros2_ws/src/AprilTag-ROS-2/install/apriltag/include/apriltag/tagStandard41h12.h
[4.567s] -- Installing: /home/ben/mp3_ros2_ws/src/AprilTag-ROS-2/install/apriltag/include/apriltag/tagStandard52h13.h
[4.567s] -- Installing: /home/ben/mp3_ros2_ws/src/AprilTag-ROS-2/install/apriltag/lib/libapriltag.so.3.2.0
[4.567s] -- Installing: /home/ben/mp3_ros2_ws/src/AprilTag-ROS-2/install/apriltag/lib/libapriltag.so.3
[4.568s] -- Installing: /home/ben/mp3_ros2_ws/src/AprilTag-ROS-2/install/apriltag/lib/libapriltag.so
[4.568s] -- Installing: /home/ben/mp3_ros2_ws/src/AprilTag-ROS-2/install/apriltag/share/apriltag/cmake/apriltagTargets.cmake
[4.568s] -- Installing: /home/ben/mp3_ros2_ws/src/AprilTag-ROS-2/install/apriltag/share/apriltag/cmake/apriltagTargets-release.cmake
[4.568s] -- Installing: /home/ben/mp3_ros2_ws/src/AprilTag-ROS-2/install/apriltag/share/apriltag/cmake/apriltagConfig.cmake
[4.568s] -- Installing: /home/ben/mp3_ros2_ws/src/AprilTag-ROS-2/install/apriltag/share/apriltag/cmake/apriltagConfigVersion.cmake
[4.568s] -- Installing: /home/ben/mp3_ros2_ws/src/AprilTag-ROS-2/install/apriltag/lib/pkgconfig/apriltag.pc
[4.583s] -- Installing: /home/ben/.local/lib/python3.10/site-packages/apriltag.cpython-310-x86_64-linux-gnu.so
[4.583s] -- Installing: /home/ben/mp3_ros2_ws/src/AprilTag-ROS-2/install/apriltag/bin/opencv_demo
[4.584s] -- Set runtime path of "/home/ben/mp3_ros2_ws/src/AprilTag-ROS-2/install/apriltag/bin/opencv_demo" to ""
[4.584s] -- Installing: /home/ben/mp3_ros2_ws/src/AprilTag-ROS-2/install/apriltag/bin/apriltag_demo
[4.584s] -- Set runtime path of "/home/ben/mp3_ros2_ws/src/AprilTag-ROS-2/install/apriltag/bin/apriltag_demo" to ""
[4.629s] Invoked command in '/home/ben/mp3_ros2_ws/src/AprilTag-ROS-2/build/apriltag' returned '0': CMAKE_PREFIX_PATH=/opt/ros/humble /usr/bin/cmake --install /home/ben/mp3_ros2_ws/src/AprilTag-ROS-2/build/apriltag
