[0.087s] Invoking command in '/home/ben/mp3_ros2_ws/src/AprilTag-ROS-2/build/tracetools_image_pipeline': CMAKE_PREFIX_PATH=/opt/ros/humble /usr/bin/cmake /home/ben/mp3_ros2_ws/src/AprilTag-ROS-2/image_pipeline/tracetools_image_pipeline -DCMAKE_INSTALL_PREFIX=/home/ben/mp3_ros2_ws/src/AprilTag-ROS-2/install/tracetools_image_pipeline
[1.028s] -- The C compiler identification is GNU 11.4.0
[1.028s] -- The CXX compiler identification is GNU 11.4.0
[1.029s] -- Detecting C compiler ABI info
[1.029s] -- Detecting C compiler ABI info - done
[1.029s] -- Check for working C compiler: /usr/bin/cc - skipped
[1.029s] -- Detecting C compile features
[1.029s] -- Detecting C compile features - done
[1.029s] -- Detecting CXX compiler ABI info
[1.029s] -- Detecting CXX compiler ABI info - done
[1.029s] -- Check for working CXX compiler: /usr/bin/c++ - skipped
[1.030s] -- Detecting CXX compile features
[1.030s] -- Detecting CXX compile features - done
[1.030s] -- Found ament_cmake_ros: 0.10.0 (/opt/ros/humble/share/ament_cmake_ros/cmake)
[1.030s] -- Found Python3: /usr/bin/python3.10 (found version "3.10.12") found components: Interpreter 
[1.172s] -- Found PkgConfig: /usr/bin/pkg-config (found version "0.29.2") 
[1.172s] -- Checking for module 'lttng-ust'
[1.176s] --   No package 'lttng-ust' found
[1.186s] -- Found ament_lint_auto: 0.12.7 (/opt/ros/humble/share/ament_lint_auto/cmake)
[1.412s] -- Added test 'copyright' to check source files copyright and LICENSE
[1.414s] -- Added test 'cppcheck' to perform static code analysis on C / C++ code
[1.414s] -- Configured cppcheck include dirs: 
[1.414s] -- Configured cppcheck exclude dirs and/or files: 
[1.417s] -- Added test 'cpplint' to check C / C++ code against the Google style
[1.417s] -- Configured cpplint exclude dirs and/or files: 
[1.419s] -- Added test 'lint_cmake' to check CMake code style
[1.423s] -- Added test 'uncrustify' to check C / C++ code style
[1.423s] -- Configured uncrustify additional arguments: 
[1.424s] -- Added test 'xmllint' to check XML markup files
[1.430s] -- Configuring done
[1.443s] -- Generating done
[1.447s] -- Build files have been written to: /home/ben/mp3_ros2_ws/src/AprilTag-ROS-2/build/tracetools_image_pipeline
[1.463s] Invoked command in '/home/ben/mp3_ros2_ws/src/AprilTag-ROS-2/build/tracetools_image_pipeline' returned '0': CMAKE_PREFIX_PATH=/opt/ros/humble /usr/bin/cmake /home/ben/mp3_ros2_ws/src/AprilTag-ROS-2/image_pipeline/tracetools_image_pipeline -DCMAKE_INSTALL_PREFIX=/home/ben/mp3_ros2_ws/src/AprilTag-ROS-2/install/tracetools_image_pipeline
[1.464s] Invoking command in '/home/ben/mp3_ros2_ws/src/AprilTag-ROS-2/build/tracetools_image_pipeline': CMAKE_PREFIX_PATH=/opt/ros/humble /usr/bin/cmake --build /home/ben/mp3_ros2_ws/src/AprilTag-ROS-2/build/tracetools_image_pipeline -- -j12 -l12
[1.619s] [ 40%] [32mBuilding C object CMakeFiles/tracetools_image_pipeline.dir/src/tracetools.c.o[0m
[1.619s] [ 40%] [32mBuilding CXX object CMakeFiles/tracetools_image_pipeline.dir/src/utils.cpp.o[0m
[1.952s] [ 60%] [32m[1mLinking CXX shared library libtracetools_image_pipeline.so[0m
[2.206s] [ 60%] Built target tracetools_image_pipeline
[2.408s] [ 80%] [32mBuilding C object CMakeFiles/status.dir/src/status.c.o[0m
[2.612s] [100%] [32m[1mLinking C executable status[0m
[2.767s] [100%] Built target status
[2.848s] Invoked command in '/home/ben/mp3_ros2_ws/src/AprilTag-ROS-2/build/tracetools_image_pipeline' returned '0': CMAKE_PREFIX_PATH=/opt/ros/humble /usr/bin/cmake --build /home/ben/mp3_ros2_ws/src/AprilTag-ROS-2/build/tracetools_image_pipeline -- -j12 -l12
[3.226s] Invoking command in '/home/ben/mp3_ros2_ws/src/AprilTag-ROS-2/build/tracetools_image_pipeline': CMAKE_PREFIX_PATH=/opt/ros/humble /usr/bin/cmake --install /home/ben/mp3_ros2_ws/src/AprilTag-ROS-2/build/tracetools_image_pipeline
[3.739s] -- Install configuration: ""
[3.739s] -- Installing: /home/ben/mp3_ros2_ws/src/AprilTag-ROS-2/install/tracetools_image_pipeline/share/tracetools_image_pipeline/environment/library_path.sh
[3.739s] -- Installing: /home/ben/mp3_ros2_ws/src/AprilTag-ROS-2/install/tracetools_image_pipeline/share/tracetools_image_pipeline/environment/library_path.dsv
[3.739s] -- Installing: /home/ben/mp3_ros2_ws/src/AprilTag-ROS-2/install/tracetools_image_pipeline/lib/tracetools_image_pipeline/status
[3.739s] -- Set runtime path of "/home/ben/mp3_ros2_ws/src/AprilTag-ROS-2/install/tracetools_image_pipeline/lib/tracetools_image_pipeline/status" to ""
[3.740s] -- Installing: /home/ben/mp3_ros2_ws/src/AprilTag-ROS-2/install/tracetools_image_pipeline/include
[3.740s] -- Installing: /home/ben/mp3_ros2_ws/src/AprilTag-ROS-2/install/tracetools_image_pipeline/include/tracetools_image_pipeline
[3.740s] -- Installing: /home/ben/mp3_ros2_ws/src/AprilTag-ROS-2/install/tracetools_image_pipeline/include/tracetools_image_pipeline/utils.hpp
[3.740s] -- Installing: /home/ben/mp3_ros2_ws/src/AprilTag-ROS-2/install/tracetools_image_pipeline/include/tracetools_image_pipeline/config.h
[3.740s] -- Installing: /home/ben/mp3_ros2_ws/src/AprilTag-ROS-2/install/tracetools_image_pipeline/include/tracetools_image_pipeline/tracetools.h
[3.740s] -- Installing: /home/ben/mp3_ros2_ws/src/AprilTag-ROS-2/install/tracetools_image_pipeline/include/tracetools_image_pipeline/visibility_control.hpp
[3.740s] -- Installing: /home/ben/mp3_ros2_ws/src/AprilTag-ROS-2/install/tracetools_image_pipeline/lib/libtracetools_image_pipeline.so
[3.740s] -- Installing: /home/ben/mp3_ros2_ws/src/AprilTag-ROS-2/install/tracetools_image_pipeline/share/ament_index/resource_index/package_run_dependencies/tracetools_image_pipeline
[3.741s] -- Installing: /home/ben/mp3_ros2_ws/src/AprilTag-ROS-2/install/tracetools_image_pipeline/share/ament_index/resource_index/parent_prefix_path/tracetools_image_pipeline
[3.741s] -- Installing: /home/ben/mp3_ros2_ws/src/AprilTag-ROS-2/install/tracetools_image_pipeline/share/tracetools_image_pipeline/environment/ament_prefix_path.sh
[3.741s] -- Installing: /home/ben/mp3_ros2_ws/src/AprilTag-ROS-2/install/tracetools_image_pipeline/share/tracetools_image_pipeline/environment/ament_prefix_path.dsv
[3.741s] -- Installing: /home/ben/mp3_ros2_ws/src/AprilTag-ROS-2/install/tracetools_image_pipeline/share/tracetools_image_pipeline/environment/path.sh
[3.741s] -- Installing: /home/ben/mp3_ros2_ws/src/AprilTag-ROS-2/install/tracetools_image_pipeline/share/tracetools_image_pipeline/environment/path.dsv
[3.741s] -- Installing: /home/ben/mp3_ros2_ws/src/AprilTag-ROS-2/install/tracetools_image_pipeline/share/tracetools_image_pipeline/local_setup.bash
[3.741s] -- Installing: /home/ben/mp3_ros2_ws/src/AprilTag-ROS-2/install/tracetools_image_pipeline/share/tracetools_image_pipeline/local_setup.sh
[3.741s] -- Installing: /home/ben/mp3_ros2_ws/src/AprilTag-ROS-2/install/tracetools_image_pipeline/share/tracetools_image_pipeline/local_setup.zsh
[3.741s] -- Installing: /home/ben/mp3_ros2_ws/src/AprilTag-ROS-2/install/tracetools_image_pipeline/share/tracetools_image_pipeline/local_setup.dsv
[3.742s] -- Installing: /home/ben/mp3_ros2_ws/src/AprilTag-ROS-2/install/tracetools_image_pipeline/share/tracetools_image_pipeline/package.dsv
[3.742s] -- Installing: /home/ben/mp3_ros2_ws/src/AprilTag-ROS-2/install/tracetools_image_pipeline/share/ament_index/resource_index/packages/tracetools_image_pipeline
[3.742s] -- Installing: /home/ben/mp3_ros2_ws/src/AprilTag-ROS-2/install/tracetools_image_pipeline/share/tracetools_image_pipeline/cmake/tracetools_image_pipeline_exportExport.cmake
[3.742s] -- Installing: /home/ben/mp3_ros2_ws/src/AprilTag-ROS-2/install/tracetools_image_pipeline/share/tracetools_image_pipeline/cmake/tracetools_image_pipeline_exportExport-noconfig.cmake
[3.742s] -- Installing: /home/ben/mp3_ros2_ws/src/AprilTag-ROS-2/install/tracetools_image_pipeline/share/tracetools_image_pipeline/cmake/ament_cmake_export_targets-extras.cmake
[3.742s] -- Installing: /home/ben/mp3_ros2_ws/src/AprilTag-ROS-2/install/tracetools_image_pipeline/share/tracetools_image_pipeline/cmake/ament_cmake_export_include_directories-extras.cmake
[3.742s] -- Installing: /home/ben/mp3_ros2_ws/src/AprilTag-ROS-2/install/tracetools_image_pipeline/share/tracetools_image_pipeline/cmake/ament_cmake_export_libraries-extras.cmake
[3.742s] -- Installing: /home/ben/mp3_ros2_ws/src/AprilTag-ROS-2/install/tracetools_image_pipeline/share/tracetools_image_pipeline/cmake/tracetools_image_pipelineConfig.cmake
[3.742s] -- Installing: /home/ben/mp3_ros2_ws/src/AprilTag-ROS-2/install/tracetools_image_pipeline/share/tracetools_image_pipeline/cmake/tracetools_image_pipelineConfig-version.cmake
[3.743s] -- Installing: /home/ben/mp3_ros2_ws/src/AprilTag-ROS-2/install/tracetools_image_pipeline/share/tracetools_image_pipeline/package.xml
[3.776s] Invoked command in '/home/ben/mp3_ros2_ws/src/AprilTag-ROS-2/build/tracetools_image_pipeline' returned '0': CMAKE_PREFIX_PATH=/opt/ros/humble /usr/bin/cmake --install /home/ben/mp3_ros2_ws/src/AprilTag-ROS-2/build/tracetools_image_pipeline
