running egg_info
creating ../build/camera_lander/camera_lander.egg-info
writing ../build/camera_lander/camera_lander.egg-info/PKG-INFO
writing dependency_links to ../build/camera_lander/camera_lander.egg-info/dependency_links.txt
writing entry points to ../build/camera_lander/camera_lander.egg-info/entry_points.txt
writing requirements to ../build/camera_lander/camera_lander.egg-info/requires.txt
writing top-level names to ../build/camera_lander/camera_lander.egg-info/top_level.txt
writing manifest file '../build/camera_lander/camera_lander.egg-info/SOURCES.txt'
reading manifest file '../build/camera_lander/camera_lander.egg-info/SOURCES.txt'
writing manifest file '../build/camera_lander/camera_lander.egg-info/SOURCES.txt'
running build
running build_py
creating /home/ben/mp3_ros2_ws/src/AprilTag-ROS-2/build/camera_lander/build
creating /home/ben/mp3_ros2_ws/src/AprilTag-ROS-2/build/camera_lander/build/lib
creating /home/ben/mp3_ros2_ws/src/AprilTag-ROS-2/build/camera_lander/build/lib/camera_lander
copying camera_lander/lander_node.py -> /home/ben/mp3_ros2_ws/src/AprilTag-ROS-2/build/camera_lander/build/lib/camera_lander
copying camera_lander/__init__.py -> /home/ben/mp3_ros2_ws/src/AprilTag-ROS-2/build/camera_lander/build/lib/camera_lander
running install
/usr/lib/python3/dist-packages/setuptools/command/install.py:34: SetuptoolsDeprecationWarning: setup.py install is deprecated. Use build and pip and other standards-based tools.
  warnings.warn(
running install_lib
creating /home/ben/mp3_ros2_ws/src/AprilTag-ROS-2/install/camera_lander/lib/python3.10/site-packages/camera_lander
copying /home/ben/mp3_ros2_ws/src/AprilTag-ROS-2/build/camera_lander/build/lib/camera_lander/lander_node.py -> /home/ben/mp3_ros2_ws/src/AprilTag-ROS-2/install/camera_lander/lib/python3.10/site-packages/camera_lander
copying /home/ben/mp3_ros2_ws/src/AprilTag-ROS-2/build/camera_lander/build/lib/camera_lander/__init__.py -> /home/ben/mp3_ros2_ws/src/AprilTag-ROS-2/install/camera_lander/lib/python3.10/site-packages/camera_lander
byte-compiling /home/ben/mp3_ros2_ws/src/AprilTag-ROS-2/install/camera_lander/lib/python3.10/site-packages/camera_lander/lander_node.py to lander_node.cpython-310.pyc
byte-compiling /home/ben/mp3_ros2_ws/src/AprilTag-ROS-2/install/camera_lander/lib/python3.10/site-packages/camera_lander/__init__.py to __init__.cpython-310.pyc
running install_data
creating /home/ben/mp3_ros2_ws/src/AprilTag-ROS-2/install/camera_lander/share/ament_index
creating /home/ben/mp3_ros2_ws/src/AprilTag-ROS-2/install/camera_lander/share/ament_index/resource_index
creating /home/ben/mp3_ros2_ws/src/AprilTag-ROS-2/install/camera_lander/share/ament_index/resource_index/packages
copying resource/camera_lander -> /home/ben/mp3_ros2_ws/src/AprilTag-ROS-2/install/camera_lander/share/ament_index/resource_index/packages
copying package.xml -> /home/ben/mp3_ros2_ws/src/AprilTag-ROS-2/install/camera_lander/share/camera_lander
running install_egg_info
Copying ../build/camera_lander/camera_lander.egg-info to /home/ben/mp3_ros2_ws/src/AprilTag-ROS-2/install/camera_lander/lib/python3.10/site-packages/camera_lander-0.0.0-py3.10.egg-info
running install_scripts
Installing camera_lander script to /home/ben/mp3_ros2_ws/src/AprilTag-ROS-2/install/camera_lander/lib/camera_lander
Installing talker script to /home/ben/mp3_ros2_ws/src/AprilTag-ROS-2/install/camera_lander/lib/camera_lander
writing list of installed files to '/home/ben/mp3_ros2_ws/src/AprilTag-ROS-2/build/camera_lander/install.log'
