[2.275s] Invoking command in '/home/ben/mp3_ros2_ws/src/AprilTag-ROS-2/camera_lander': PYTHONPATH=/home/ben/mp3_ros2_ws/src/AprilTag-ROS-2/build/camera_lander/prefix_override:/home/ben/mp3_ros2_ws/src/AprilTag-ROS-2/install/camera_lander/lib/python3.10/site-packages:${PYTHONPATH} /usr/bin/python3 setup.py egg_info --egg-base ../build/camera_lander build --build-base /home/ben/mp3_ros2_ws/src/AprilTag-ROS-2/build/camera_lander/build install --record /home/ben/mp3_ros2_ws/src/AprilTag-ROS-2/build/camera_lander/install.log --single-version-externally-managed
[3.503s] running egg_info
[3.505s] creating ../build/camera_lander/camera_lander.egg-info
[3.506s] writing ../build/camera_lander/camera_lander.egg-info/PKG-INFO
[3.507s] writing dependency_links to ../build/camera_lander/camera_lander.egg-info/dependency_links.txt
[3.508s] writing entry points to ../build/camera_lander/camera_lander.egg-info/entry_points.txt
[3.508s] writing requirements to ../build/camera_lander/camera_lander.egg-info/requires.txt
[3.508s] writing top-level names to ../build/camera_lander/camera_lander.egg-info/top_level.txt
[3.509s] writing manifest file '../build/camera_lander/camera_lander.egg-info/SOURCES.txt'
[3.513s] reading manifest file '../build/camera_lander/camera_lander.egg-info/SOURCES.txt'
[3.515s] writing manifest file '../build/camera_lander/camera_lander.egg-info/SOURCES.txt'
[3.515s] running build
[3.516s] running build_py
[3.516s] creating /home/ben/mp3_ros2_ws/src/AprilTag-ROS-2/build/camera_lander/build
[3.516s] creating /home/ben/mp3_ros2_ws/src/AprilTag-ROS-2/build/camera_lander/build/lib
[3.517s] creating /home/ben/mp3_ros2_ws/src/AprilTag-ROS-2/build/camera_lander/build/lib/camera_lander
[3.517s] copying camera_lander/lander_node.py -> /home/ben/mp3_ros2_ws/src/AprilTag-ROS-2/build/camera_lander/build/lib/camera_lander
[3.517s] copying camera_lander/__init__.py -> /home/ben/mp3_ros2_ws/src/AprilTag-ROS-2/build/camera_lander/build/lib/camera_lander
[3.518s] running install
[3.519s] /usr/lib/python3/dist-packages/setuptools/command/install.py:34: SetuptoolsDeprecationWarning: setup.py install is deprecated. Use build and pip and other standards-based tools.
[3.519s]   warnings.warn(
[3.522s] running install_lib
[3.524s] creating /home/ben/mp3_ros2_ws/src/AprilTag-ROS-2/install/camera_lander/lib/python3.10/site-packages/camera_lander
[3.524s] copying /home/ben/mp3_ros2_ws/src/AprilTag-ROS-2/build/camera_lander/build/lib/camera_lander/lander_node.py -> /home/ben/mp3_ros2_ws/src/AprilTag-ROS-2/install/camera_lander/lib/python3.10/site-packages/camera_lander
[3.525s] copying /home/ben/mp3_ros2_ws/src/AprilTag-ROS-2/build/camera_lander/build/lib/camera_lander/__init__.py -> /home/ben/mp3_ros2_ws/src/AprilTag-ROS-2/install/camera_lander/lib/python3.10/site-packages/camera_lander
[3.526s] byte-compiling /home/ben/mp3_ros2_ws/src/AprilTag-ROS-2/install/camera_lander/lib/python3.10/site-packages/camera_lander/lander_node.py to lander_node.cpython-310.pyc
[3.529s] byte-compiling /home/ben/mp3_ros2_ws/src/AprilTag-ROS-2/install/camera_lander/lib/python3.10/site-packages/camera_lander/__init__.py to __init__.cpython-310.pyc
[3.530s] running install_data
[3.531s] creating /home/ben/mp3_ros2_ws/src/AprilTag-ROS-2/install/camera_lander/share/ament_index
[3.532s] creating /home/ben/mp3_ros2_ws/src/AprilTag-ROS-2/install/camera_lander/share/ament_index/resource_index
[3.532s] creating /home/ben/mp3_ros2_ws/src/AprilTag-ROS-2/install/camera_lander/share/ament_index/resource_index/packages
[3.532s] copying resource/camera_lander -> /home/ben/mp3_ros2_ws/src/AprilTag-ROS-2/install/camera_lander/share/ament_index/resource_index/packages
[3.533s] copying package.xml -> /home/ben/mp3_ros2_ws/src/AprilTag-ROS-2/install/camera_lander/share/camera_lander
[3.534s] running install_egg_info
[3.537s] Copying ../build/camera_lander/camera_lander.egg-info to /home/ben/mp3_ros2_ws/src/AprilTag-ROS-2/install/camera_lander/lib/python3.10/site-packages/camera_lander-0.0.0-py3.10.egg-info
[3.544s] running install_scripts
[3.605s] Installing camera_lander script to /home/ben/mp3_ros2_ws/src/AprilTag-ROS-2/install/camera_lander/lib/camera_lander
[3.606s] Installing talker script to /home/ben/mp3_ros2_ws/src/AprilTag-ROS-2/install/camera_lander/lib/camera_lander
[3.606s] writing list of installed files to '/home/ben/mp3_ros2_ws/src/AprilTag-ROS-2/build/camera_lander/install.log'
[3.691s] Invoked command in '/home/ben/mp3_ros2_ws/src/AprilTag-ROS-2/camera_lander' returned '0': PYTHONPATH=/home/ben/mp3_ros2_ws/src/AprilTag-ROS-2/build/camera_lander/prefix_override:/home/ben/mp3_ros2_ws/src/AprilTag-ROS-2/install/camera_lander/lib/python3.10/site-packages:${PYTHONPATH} /usr/bin/python3 setup.py egg_info --egg-base ../build/camera_lander build --build-base /home/ben/mp3_ros2_ws/src/AprilTag-ROS-2/build/camera_lander/build install --record /home/ben/mp3_ros2_ws/src/AprilTag-ROS-2/build/camera_lander/install.log --single-version-externally-managed
