[0.397s] Invoking command in '/home/ben/mp3_ros2_ws/src/AprilTag-ROS-2/build/image_view': CMAKE_PREFIX_PATH=/opt/ros/humble /usr/bin/cmake /home/ben/mp3_ros2_ws/src/AprilTag-ROS-2/image_pipeline/image_view -DCMAKE_INSTALL_PREFIX=/home/ben/mp3_ros2_ws/src/AprilTag-ROS-2/install/image_view
[0.992s] -- The C compiler identification is GNU 11.4.0
[0.994s] -- The CXX compiler identification is GNU 11.4.0
[0.994s] -- Detecting C compiler ABI info
[0.994s] -- Detecting C compiler ABI info - done
[0.994s] -- Check for working C compiler: /usr/bin/cc - skipped
[0.994s] -- Detecting C compile features
[0.994s] -- Detecting C compile features - done
[0.995s] -- Detecting CXX compiler ABI info
[0.995s] -- Detecting CXX compiler ABI info - done
[0.995s] -- Check for working CXX compiler: /usr/bin/c++ - skipped
[0.998s] -- Detecting CXX compile features
[0.998s] -- Detecting CXX compile features - done
[0.999s] -- Found ament_cmake_auto: 1.3.5 (/opt/ros/humble/share/ament_cmake_auto/cmake)
[1.343s] -- Found Python3: /usr/bin/python3.10 (found version "3.10.12") found components: Interpreter 
[1.820s] -- Found rosidl_generator_c: 3.1.5 (/opt/ros/humble/share/rosidl_generator_c/cmake)
[1.830s] -- Found rosidl_adapter: 3.1.5 (/opt/ros/humble/share/rosidl_adapter/cmake)
[1.847s] -- Found rosidl_generator_cpp: 3.1.5 (/opt/ros/humble/share/rosidl_generator_cpp/cmake)
[1.881s] -- Using all available rosidl_typesupport_c: rosidl_typesupport_fastrtps_c;rosidl_typesupport_introspection_c
[1.923s] -- Using all available rosidl_typesupport_cpp: rosidl_typesupport_fastrtps_cpp;rosidl_typesupport_introspection_cpp
[2.198s] -- Found rmw_implementation_cmake: 6.1.1 (/opt/ros/humble/share/rmw_implementation_cmake/cmake)
[2.198s] -- Found rmw_fastrtps_cpp: 6.2.3 (/opt/ros/humble/share/rmw_fastrtps_cpp/cmake)
[2.904s] -- Found OpenSSL: /usr/lib/x86_64-linux-gnu/libcrypto.so (found version "3.0.2")  
[3.051s] -- Found FastRTPS: /opt/ros/humble/include  
[3.283s] -- Using RMW implementation 'rmw_fastrtps_cpp' as default
[3.316s] -- Looking for pthread.h
[3.567s] -- Looking for pthread.h - found
[3.567s] -- Performing Test CMAKE_HAVE_LIBC_PTHREAD
[3.812s] -- Performing Test CMAKE_HAVE_LIBC_PTHREAD - Success
[3.813s] -- Found Threads: TRUE  
[5.140s] -- Found Boost: /usr/lib/x86_64-linux-gnu/cmake/Boost-1.74.0/BoostConfig.cmake (found version "1.74.0")  
[5.158s] -- Found OpenCV: /usr (found version "4.5.4") 
[5.212s] -- Found ament_lint_auto: 0.12.7 (/opt/ros/humble/share/ament_lint_auto/cmake)
[5.245s] -- Added test 'copyright' to check source files copyright and LICENSE
[5.249s] -- Added test 'cppcheck' to perform static code analysis on C / C++ code
[5.252s] -- Configured cppcheck include dirs: /home/ben/mp3_ros2_ws/src/AprilTag-ROS-2/image_pipeline/image_view/include
[5.253s] -- Configured cppcheck exclude dirs and/or files: 
[5.257s] -- Added test 'cpplint' to check C / C++ code against the Google style
[5.258s] -- Configured cpplint exclude dirs and/or files: 
[5.260s] -- Added test 'lint_cmake' to check CMake code style
[5.264s] -- Added test 'uncrustify' to check C / C++ code style
[5.265s] -- Configured uncrustify additional arguments: 
[5.268s] -- Added test 'xmllint' to check XML markup files
[5.278s] -- Configuring done
[5.423s] -- Generating done
[5.427s] -- Build files have been written to: /home/ben/mp3_ros2_ws/src/AprilTag-ROS-2/build/image_view
[5.480s] Invoked command in '/home/ben/mp3_ros2_ws/src/AprilTag-ROS-2/build/image_view' returned '0': CMAKE_PREFIX_PATH=/opt/ros/humble /usr/bin/cmake /home/ben/mp3_ros2_ws/src/AprilTag-ROS-2/image_pipeline/image_view -DCMAKE_INSTALL_PREFIX=/home/ben/mp3_ros2_ws/src/AprilTag-ROS-2/install/image_view
[5.480s] Invoking command in '/home/ben/mp3_ros2_ws/src/AprilTag-ROS-2/build/image_view': CMAKE_PREFIX_PATH=/opt/ros/humble /usr/bin/cmake --build /home/ben/mp3_ros2_ws/src/AprilTag-ROS-2/build/image_view -- -j12 -l12
[5.592s] [  5%] [32mBuilding CXX object CMakeFiles/image_view_nodes.dir/src/image_saver_node.cpp.o[0m
[5.592s] [ 10%] [32mBuilding CXX object CMakeFiles/image_view_nodes.dir/src/image_view_node.cpp.o[0m
[5.596s] [ 15%] [32mBuilding CXX object CMakeFiles/image_view_nodes.dir/src/video_recorder_node.cpp.o[0m
[5.607s] [ 21%] [32mBuilding CXX object CMakeFiles/image_view_nodes.dir/src/extract_images_node.cpp.o[0m
[5.611s] [ 26%] [32mBuilding CXX object CMakeFiles/image_view_nodes.dir/src/stereo_view_node.cpp.o[0m
[5.614s] [ 31%] [32mBuilding CXX object CMakeFiles/image_view_nodes.dir/src/disparity_view_node.cpp.o[0m
[13.343s] gmake[2]: *** [CMakeFiles/image_view_nodes.dir/build.make:90: CMakeFiles/image_view_nodes.dir/src/extract_images_node.cpp.o] Interrupt
[13.347s] gmake[2]: *** [CMakeFiles/image_view_nodes.dir/build.make:132: CMakeFiles/image_view_nodes.dir/src/stereo_view_node.cpp.o] Interrupt
[13.347s] gmake[2]: *** [CMakeFiles/image_view_nodes.dir/build.make:104: CMakeFiles/image_view_nodes.dir/src/image_view_node.cpp.o] Interrupt
[13.347s] gmake[2]: *** [CMakeFiles/image_view_nodes.dir/build.make:118: CMakeFiles/image_view_nodes.dir/src/image_saver_node.cpp.o] Interrupt
[13.347s] gmake[2]: *** [CMakeFiles/image_view_nodes.dir/build.make:146: CMakeFiles/image_view_nodes.dir/src/video_recorder_node.cpp.o] Interrupt
[13.347s] gmake[2]: *** [CMakeFiles/image_view_nodes.dir/build.make:76: CMakeFiles/image_view_nodes.dir/src/disparity_view_node.cpp.o] Interrupt
[13.347s] gmake[1]: *** [CMakeFiles/Makefile2:149: CMakeFiles/image_view_nodes.dir/all] Interrupt
[13.351s] gmake: *** [Makefile:146: all] Interrupt
