[0.409s] Invoking command in '/home/ben/mp3_ros2_ws/src/AprilTag-ROS-2/build/image_publisher': CMAKE_PREFIX_PATH=/opt/ros/humble /usr/bin/cmake /home/ben/mp3_ros2_ws/src/AprilTag-ROS-2/image_pipeline/image_publisher -DCMAKE_INSTALL_PREFIX=/home/ben/mp3_ros2_ws/src/AprilTag-ROS-2/install/image_publisher
[1.002s] -- The C compiler identification is GNU 11.4.0
[1.003s] -- The CXX compiler identification is GNU 11.4.0
[1.005s] -- Detecting C compiler ABI info
[1.005s] -- Detecting C compiler ABI info - done
[1.006s] -- Check for working C compiler: /usr/bin/cc - skipped
[1.007s] -- Detecting C compile features
[1.007s] -- Detecting C compile features - done
[1.007s] -- Detecting CXX compiler ABI info
[1.007s] -- Detecting CXX compiler ABI info - done
[1.007s] -- Check for working CXX compiler: /usr/bin/c++ - skipped
[1.007s] -- Detecting CXX compile features
[1.007s] -- Detecting CXX compile features - done
[1.007s] -- Found ament_cmake_auto: 1.3.5 (/opt/ros/humble/share/ament_cmake_auto/cmake)
[1.382s] -- Found Python3: /usr/bin/python3.10 (found version "3.10.12") found components: Interpreter 
[1.891s] -- Found rosidl_generator_c: 3.1.5 (/opt/ros/humble/share/rosidl_generator_c/cmake)
[1.921s] -- Found rosidl_adapter: 3.1.5 (/opt/ros/humble/share/rosidl_adapter/cmake)
[1.969s] -- Found rosidl_generator_cpp: 3.1.5 (/opt/ros/humble/share/rosidl_generator_cpp/cmake)
[2.052s] -- Using all available rosidl_typesupport_c: rosidl_typesupport_fastrtps_c;rosidl_typesupport_introspection_c
[2.160s] -- Using all available rosidl_typesupport_cpp: rosidl_typesupport_fastrtps_cpp;rosidl_typesupport_introspection_cpp
[2.629s] -- Found rmw_implementation_cmake: 6.1.1 (/opt/ros/humble/share/rmw_implementation_cmake/cmake)
[2.633s] -- Found rmw_fastrtps_cpp: 6.2.3 (/opt/ros/humble/share/rmw_fastrtps_cpp/cmake)
[3.280s] -- Found OpenSSL: /usr/lib/x86_64-linux-gnu/libcrypto.so (found version "3.0.2")  
[3.383s] -- Found FastRTPS: /opt/ros/humble/include  
[3.516s] -- Using RMW implementation 'rmw_fastrtps_cpp' as default
[3.536s] -- Looking for pthread.h
[3.742s] -- Looking for pthread.h - found
[3.742s] -- Performing Test CMAKE_HAVE_LIBC_PTHREAD
[3.982s] -- Performing Test CMAKE_HAVE_LIBC_PTHREAD - Success
[3.985s] -- Found Threads: TRUE  
[4.987s] -- Found OpenCV: /usr (found version "4.5.4") found components: core imgcodecs videoio 
[4.987s] -- opencv version 4.5.4
[5.001s] -- Found ament_lint_auto: 0.12.7 (/opt/ros/humble/share/ament_lint_auto/cmake)
[5.036s] -- Added test 'copyright' to check source files copyright and LICENSE
[5.036s] -- Added test 'cppcheck' to perform static code analysis on C / C++ code
[5.036s] -- Configured cppcheck include dirs: /home/ben/mp3_ros2_ws/src/AprilTag-ROS-2/image_pipeline/image_publisher/include
[5.036s] -- Configured cppcheck exclude dirs and/or files: 
[5.039s] -- Added test 'cpplint' to check C / C++ code against the Google style
[5.039s] -- Configured cpplint exclude dirs and/or files: 
[5.040s] -- Added test 'flake8' to check Python code syntax and style conventions
[5.041s] -- Added test 'lint_cmake' to check CMake code style
[5.042s] -- Added test 'pep257' to check Python code against some of the docstring style conventions in PEP 257
[5.044s] -- Added test 'uncrustify' to check C / C++ code style
[5.044s] -- Configured uncrustify additional arguments: 
[5.044s] -- Added test 'xmllint' to check XML markup files
[5.051s] -- Configuring done
[5.133s] -- Generating done
[5.136s] -- Build files have been written to: /home/ben/mp3_ros2_ws/src/AprilTag-ROS-2/build/image_publisher
[5.184s] Invoked command in '/home/ben/mp3_ros2_ws/src/AprilTag-ROS-2/build/image_publisher' returned '0': CMAKE_PREFIX_PATH=/opt/ros/humble /usr/bin/cmake /home/ben/mp3_ros2_ws/src/AprilTag-ROS-2/image_pipeline/image_publisher -DCMAKE_INSTALL_PREFIX=/home/ben/mp3_ros2_ws/src/AprilTag-ROS-2/install/image_publisher
[5.185s] Invoking command in '/home/ben/mp3_ros2_ws/src/AprilTag-ROS-2/build/image_publisher': CMAKE_PREFIX_PATH=/opt/ros/humble /usr/bin/cmake --build /home/ben/mp3_ros2_ws/src/AprilTag-ROS-2/build/image_publisher -- -j12 -l12
[5.336s] [ 25%] [32mBuilding CXX object CMakeFiles/image_publisher.dir/src/image_publisher.cpp.o[0m
[13.361s] gmake[2]: *** [CMakeFiles/image_publisher.dir/build.make:76: CMakeFiles/image_publisher.dir/src/image_publisher.cpp.o] Interrupt
[13.364s] gmake[1]: *** [CMakeFiles/Makefile2:139: CMakeFiles/image_publisher.dir/all] Interrupt
[13.364s] gmake: *** [Makefile:146: all] Interrupt
